CRITICAL - 2021-02-28 00:51:29 --> Undefined variable: image
#0 /home/friday/wamp/Framework2.1/app/Views/admin/login/login.php(42): CodeIgniter\Debug\Exceptions->errorHandler(8, 'Undefined varia...', '/home/friday/wa...', 42, Array)
#1 /home/friday/wamp/Framework2.1/system/View/View.php(220): include('/home/friday/wa...')
#2 /home/friday/wamp/Framework2.1/system/View/View.php(222): CodeIgniter\View\View->CodeIgniter\View\{closure}()
#3 /home/friday/wamp/Framework2.1/system/Common.php(1217): CodeIgniter\View\View->render('admin/login/log...', Array, true)
#4 /home/friday/wamp/Framework2.1/app/Controllers/Admin/Login.php(18): view('admin/login/log...', Array)
#5 /home/friday/wamp/Framework2.1/system/CodeIgniter.php(937): App\Controllers\Admin\Login->index()
#6 /home/friday/wamp/Framework2.1/system/CodeIgniter.php(433): CodeIgniter\CodeIgniter->runController(Object(App\Controllers\Admin\Login))
#7 /home/friday/wamp/Framework2.1/system/CodeIgniter.php(334): CodeIgniter\CodeIgniter->handleRequest(NULL, Object(Config\Cache), false)
#8 /home/friday/wamp/Framework2.1/public/index.php(44): CodeIgniter\CodeIgniter->run()
#9 {main}
CRITICAL - 2021-02-28 00:52:14 --> Undefined variable: image
#0 /home/friday/wamp/Framework2.1/app/Views/admin/login/login.php(42): CodeIgniter\Debug\Exceptions->errorHandler(8, 'Undefined varia...', '/home/friday/wa...', 42, Array)
#1 /home/friday/wamp/Framework2.1/system/View/View.php(220): include('/home/friday/wa...')
#2 /home/friday/wamp/Framework2.1/system/View/View.php(222): CodeIgniter\View\View->CodeIgniter\View\{closure}()
#3 /home/friday/wamp/Framework2.1/system/Common.php(1217): CodeIgniter\View\View->render('admin/login/log...', Array, true)
#4 /home/friday/wamp/Framework2.1/app/Controllers/Admin/Login.php(18): view('admin/login/log...', Array)
#5 /home/friday/wamp/Framework2.1/system/CodeIgniter.php(937): App\Controllers\Admin\Login->index()
#6 /home/friday/wamp/Framework2.1/system/CodeIgniter.php(433): CodeIgniter\CodeIgniter->runController(Object(App\Controllers\Admin\Login))
#7 /home/friday/wamp/Framework2.1/system/CodeIgniter.php(334): CodeIgniter\CodeIgniter->handleRequest(NULL, Object(Config\Cache), false)
#8 /home/friday/wamp/Framework2.1/public/index.php(44): CodeIgniter\CodeIgniter->run()
#9 {main}
CRITICAL - 2021-02-28 01:02:28 --> Too few arguments to function CodeIgniter\Controller::validate(), 0 passed in /home/friday/wamp/Framework2.1/app/Controllers/Admin/Login.php on line 20 and at least 1 expected
#0 /home/friday/wamp/Framework2.1/app/Controllers/Admin/Login.php(20): CodeIgniter\Controller->validate()
#1 /home/friday/wamp/Framework2.1/system/CodeIgniter.php(937): App\Controllers\Admin\Login->index()
#2 /home/friday/wamp/Framework2.1/system/CodeIgniter.php(433): CodeIgniter\CodeIgniter->runController(Object(App\Controllers\Admin\Login))
#3 /home/friday/wamp/Framework2.1/system/CodeIgniter.php(334): CodeIgniter\CodeIgniter->handleRequest(NULL, Object(Config\Cache), false)
#4 /home/friday/wamp/Framework2.1/public/index.php(44): CodeIgniter\CodeIgniter->run()
#5 {main}
CRITICAL - 2021-02-28 01:06:34 --> Undefined index: passwordl
#0 /home/friday/wamp/Framework2.1/app/Controllers/Admin/Login.php(21): CodeIgniter\Debug\Exceptions->errorHandler(8, 'Undefined index...', '/home/friday/wa...', 21, Array)
#1 /home/friday/wamp/Framework2.1/system/CodeIgniter.php(937): App\Controllers\Admin\Login->index()
#2 /home/friday/wamp/Framework2.1/system/CodeIgniter.php(433): CodeIgniter\CodeIgniter->runController(Object(App\Controllers\Admin\Login))
#3 /home/friday/wamp/Framework2.1/system/CodeIgniter.php(334): CodeIgniter\CodeIgniter->handleRequest(NULL, Object(Config\Cache), false)
#4 /home/friday/wamp/Framework2.1/public/index.php(44): CodeIgniter\CodeIgniter->run()
#5 {main}
CRITICAL - 2021-02-28 01:08:38 --> Undefined index: id
#0 /home/friday/wamp/Framework2.1/app/Controllers/Admin/Login.php(28): CodeIgniter\Debug\Exceptions->errorHandler(8, 'Undefined index...', '/home/friday/wa...', 28, Array)
#1 /home/friday/wamp/Framework2.1/system/CodeIgniter.php(937): App\Controllers\Admin\Login->index()
#2 /home/friday/wamp/Framework2.1/system/CodeIgniter.php(433): CodeIgniter\CodeIgniter->runController(Object(App\Controllers\Admin\Login))
#3 /home/friday/wamp/Framework2.1/system/CodeIgniter.php(334): CodeIgniter\CodeIgniter->handleRequest(NULL, Object(Config\Cache), false)
#4 /home/friday/wamp/Framework2.1/public/index.php(44): CodeIgniter\CodeIgniter->run()
#5 {main}
CRITICAL - 2021-02-28 01:11:55 --> A non well formed numeric value encountered
#0 /home/friday/wamp/Framework2.1/system/BaseModel.php(564): CodeIgniter\Debug\Exceptions->errorHandler(8, 'A non well form...', '/home/friday/wa...', 564, Array)
#1 /home/friday/wamp/Framework2.1/app/Models/UserModel.php(38): CodeIgniter\BaseModel->findAll('31f4a4b4b228d4c...')
#2 /home/friday/wamp/Framework2.1/app/Controllers/Admin/Login.php(25): App\Models\UserModel->GetRows('shuganesh716@gm...', '31f4a4b4b228d4c...')
#3 /home/friday/wamp/Framework2.1/system/CodeIgniter.php(937): App\Controllers\Admin\Login->index()
#4 /home/friday/wamp/Framework2.1/system/CodeIgniter.php(433): CodeIgniter\CodeIgniter->runController(Object(App\Controllers\Admin\Login))
#5 /home/friday/wamp/Framework2.1/system/CodeIgniter.php(334): CodeIgniter\CodeIgniter->handleRequest(NULL, Object(Config\Cache), false)
#6 /home/friday/wamp/Framework2.1/public/index.php(44): CodeIgniter\CodeIgniter->run()
#7 {main}
CRITICAL - 2021-02-28 01:12:26 --> Undefined offset: 0
#0 /home/friday/wamp/Framework2.1/app/Controllers/Admin/Login.php(28): CodeIgniter\Debug\Exceptions->errorHandler(8, 'Undefined offse...', '/home/friday/wa...', 28, Array)
#1 /home/friday/wamp/Framework2.1/system/CodeIgniter.php(937): App\Controllers\Admin\Login->index()
#2 /home/friday/wamp/Framework2.1/system/CodeIgniter.php(433): CodeIgniter\CodeIgniter->runController(Object(App\Controllers\Admin\Login))
#3 /home/friday/wamp/Framework2.1/system/CodeIgniter.php(334): CodeIgniter\CodeIgniter->handleRequest(NULL, Object(Config\Cache), false)
#4 /home/friday/wamp/Framework2.1/public/index.php(44): CodeIgniter\CodeIgniter->run()
#5 {main}
CRITICAL - 2021-02-28 01:14:03 --> Call to undefined method App\Controllers\Admin\Login::redirect()
#0 /home/friday/wamp/Framework2.1/system/CodeIgniter.php(937): App\Controllers\Admin\Login->index()
#1 /home/friday/wamp/Framework2.1/system/CodeIgniter.php(433): CodeIgniter\CodeIgniter->runController(Object(App\Controllers\Admin\Login))
#2 /home/friday/wamp/Framework2.1/system/CodeIgniter.php(334): CodeIgniter\CodeIgniter->handleRequest(NULL, Object(Config\Cache), false)
#3 /home/friday/wamp/Framework2.1/public/index.php(44): CodeIgniter\CodeIgniter->run()
#4 {main}
CRITICAL - 2021-02-28 01:25:37 --> Undefined property: App\Controllers\Admin\Dashboard::$session
#0 /home/friday/wamp/Framework2.1/app/Controllers/Admin/Dashboard.php(12): CodeIgniter\Debug\Exceptions->errorHandler(8, 'Undefined prope...', '/home/friday/wa...', 12, Array)
#1 /home/friday/wamp/Framework2.1/system/CodeIgniter.php(909): App\Controllers\Admin\Dashboard->__construct()
#2 /home/friday/wamp/Framework2.1/system/CodeIgniter.php(423): CodeIgniter\CodeIgniter->createController()
#3 /home/friday/wamp/Framework2.1/system/CodeIgniter.php(334): CodeIgniter\CodeIgniter->handleRequest(NULL, Object(Config\Cache), false)
#4 /home/friday/wamp/Framework2.1/public/index.php(44): CodeIgniter\CodeIgniter->run()
#5 {main}
CRITICAL - 2021-02-28 01:26:00 --> Undefined property: App\Controllers\Admin\Dashboard::$session
#0 /home/friday/wamp/Framework2.1/app/Controllers/Admin/Dashboard.php(12): CodeIgniter\Debug\Exceptions->errorHandler(8, 'Undefined prope...', '/home/friday/wa...', 12, Array)
#1 /home/friday/wamp/Framework2.1/system/CodeIgniter.php(909): App\Controllers\Admin\Dashboard->__construct()
#2 /home/friday/wamp/Framework2.1/system/CodeIgniter.php(423): CodeIgniter\CodeIgniter->createController()
#3 /home/friday/wamp/Framework2.1/system/CodeIgniter.php(334): CodeIgniter\CodeIgniter->handleRequest(NULL, Object(Config\Cache), false)
#4 /home/friday/wamp/Framework2.1/public/index.php(44): CodeIgniter\CodeIgniter->run()
#5 {main}
CRITICAL - 2021-02-28 01:26:22 --> Undefined variable: siteicon
#0 /home/friday/wamp/Framework2.1/app/Views/admin/login/login.php(6): CodeIgniter\Debug\Exceptions->errorHandler(8, 'Undefined varia...', '/home/friday/wa...', 6, Array)
#1 /home/friday/wamp/Framework2.1/system/View/View.php(220): include('/home/friday/wa...')
#2 /home/friday/wamp/Framework2.1/system/View/View.php(222): CodeIgniter\View\View->CodeIgniter\View\{closure}()
#3 /home/friday/wamp/Framework2.1/system/Common.php(1217): CodeIgniter\View\View->render('admin/login/log...', Array, true)
#4 /home/friday/wamp/Framework2.1/app/Controllers/Admin/Login.php(41): view('admin/login/log...', Array)
#5 /home/friday/wamp/Framework2.1/system/CodeIgniter.php(937): App\Controllers\Admin\Login->index()
#6 /home/friday/wamp/Framework2.1/system/CodeIgniter.php(433): CodeIgniter\CodeIgniter->runController(Object(App\Controllers\Admin\Login))
#7 /home/friday/wamp/Framework2.1/system/CodeIgniter.php(334): CodeIgniter\CodeIgniter->handleRequest(NULL, Object(Config\Cache), false)
#8 /home/friday/wamp/Framework2.1/public/index.php(44): CodeIgniter\CodeIgniter->run()
#9 {main}
CRITICAL - 2021-02-28 01:26:45 --> Undefined offset: 0
#0 /home/friday/wamp/Framework2.1/app/Models/UserModel.php(106): CodeIgniter\Debug\Exceptions->errorHandler(8, 'Undefined offse...', '/home/friday/wa...', 106, Array)
#1 /home/friday/wamp/Framework2.1/app/Controllers/Admin/Login.php(25): App\Models\UserModel->UserDetails('shuganesh716@gm...', 'ee8f26a537caaa0...')
#2 /home/friday/wamp/Framework2.1/system/CodeIgniter.php(937): App\Controllers\Admin\Login->index()
#3 /home/friday/wamp/Framework2.1/system/CodeIgniter.php(433): CodeIgniter\CodeIgniter->runController(Object(App\Controllers\Admin\Login))
#4 /home/friday/wamp/Framework2.1/system/CodeIgniter.php(334): CodeIgniter\CodeIgniter->handleRequest(NULL, Object(Config\Cache), false)
#5 /home/friday/wamp/Framework2.1/public/index.php(44): CodeIgniter\CodeIgniter->run()
#6 {main}
CRITICAL - 2021-02-28 01:33:26 --> Invalid file: aljert.php
#0 /home/friday/wamp/Framework2.1/system/View/View.php(203): CodeIgniter\Exceptions\FrameworkException::forInvalidFile('aljert.php')
#1 /home/friday/wamp/Framework2.1/system/Common.php(1217): CodeIgniter\View\View->render('aljert', Array, true)
#2 /home/friday/wamp/Framework2.1/app/Controllers/Admin/Login.php(13): view('aljert')
#3 /home/friday/wamp/Framework2.1/system/CodeIgniter.php(909): App\Controllers\Admin\Login->__construct()
#4 /home/friday/wamp/Framework2.1/system/CodeIgniter.php(423): CodeIgniter\CodeIgniter->createController()
#5 /home/friday/wamp/Framework2.1/system/CodeIgniter.php(334): CodeIgniter\CodeIgniter->handleRequest(NULL, Object(Config\Cache), false)
#6 /home/friday/wamp/Framework2.1/public/index.php(44): CodeIgniter\CodeIgniter->run()
#7 {main}
CRITICAL - 2021-02-28 01:54:08 --> syntax error, unexpected '}', expecting ';'
#0 /home/friday/wamp/Framework2.1/system/Router/Router.php(170): CodeIgniter\Router\Router->autoRoute('admin/dashboard')
#1 /home/friday/wamp/Framework2.1/system/CodeIgniter.php(817): CodeIgniter\Router\Router->handle('admin/dashboard')
#2 /home/friday/wamp/Framework2.1/system/CodeIgniter.php(386): CodeIgniter\CodeIgniter->tryToRouteIt(Object(CodeIgniter\Router\RouteCollection))
#3 /home/friday/wamp/Framework2.1/system/CodeIgniter.php(334): CodeIgniter\CodeIgniter->handleRequest(NULL, Object(Config\Cache), false)
#4 /home/friday/wamp/Framework2.1/public/index.php(44): CodeIgniter\CodeIgniter->run()
#5 {main}
CRITICAL - 2021-02-28 01:54:16 --> Undefined variable: sitename
#0 /home/friday/wamp/Framework2.1/app/Views/admin/dashboard/dashboard.php(5): CodeIgniter\Debug\Exceptions->errorHandler(8, 'Undefined varia...', '/home/friday/wa...', 5, Array)
#1 /home/friday/wamp/Framework2.1/system/View/View.php(220): include('/home/friday/wa...')
#2 /home/friday/wamp/Framework2.1/system/View/View.php(222): CodeIgniter\View\View->CodeIgniter\View\{closure}()
#3 /home/friday/wamp/Framework2.1/system/Common.php(1217): CodeIgniter\View\View->render('admin/dashboard...', Array, true)
#4 /home/friday/wamp/Framework2.1/app/Controllers/Admin/Dashboard.php(25): view('admin/dashboard...')
#5 /home/friday/wamp/Framework2.1/system/CodeIgniter.php(937): App\Controllers\Admin\Dashboard->index()
#6 /home/friday/wamp/Framework2.1/system/CodeIgniter.php(433): CodeIgniter\CodeIgniter->runController(Object(App\Controllers\Admin\Dashboard))
#7 /home/friday/wamp/Framework2.1/system/CodeIgniter.php(334): CodeIgniter\CodeIgniter->handleRequest(NULL, Object(Config\Cache), false)
#8 /home/friday/wamp/Framework2.1/public/index.php(44): CodeIgniter\CodeIgniter->run()
#9 {main}
CRITICAL - 2021-02-28 14:07:05 --> Undefined property: CodeIgniter\View\View::$site
#0 /home/friday/wamp/Framework2.1/app/Views/meta.php(6): CodeIgniter\Debug\Exceptions->errorHandler(8, 'Undefined prope...', '/home/friday/wa...', 6, Array)
#1 /home/friday/wamp/Framework2.1/system/View/View.php(220): include('/home/friday/wa...')
#2 /home/friday/wamp/Framework2.1/system/View/View.php(222): CodeIgniter\View\View->CodeIgniter\View\{closure}()
#3 /home/friday/wamp/Framework2.1/system/Common.php(1217): CodeIgniter\View\View->render('meta', Array, true)
#4 /home/friday/wamp/Framework2.1/app/Views/admin/dashboard/dashboard.php(4): view('meta')
#5 /home/friday/wamp/Framework2.1/system/View/View.php(220): include('/home/friday/wa...')
#6 /home/friday/wamp/Framework2.1/system/View/View.php(222): CodeIgniter\View\View->CodeIgniter\View\{closure}()
#7 /home/friday/wamp/Framework2.1/system/Common.php(1217): CodeIgniter\View\View->render('admin/dashboard...', Array, true)
#8 /home/friday/wamp/Framework2.1/app/Controllers/Admin/Dashboard.php(25): view('admin/dashboard...', Array)
#9 /home/friday/wamp/Framework2.1/system/CodeIgniter.php(937): App\Controllers\Admin\Dashboard->index()
#10 /home/friday/wamp/Framework2.1/system/CodeIgniter.php(433): CodeIgniter\CodeIgniter->runController(Object(App\Controllers\Admin\Dashboard))
#11 /home/friday/wamp/Framework2.1/system/CodeIgniter.php(334): CodeIgniter\CodeIgniter->handleRequest(NULL, Object(Config\Cache), false)
#12 /home/friday/wamp/Framework2.1/public/index.php(44): CodeIgniter\CodeIgniter->run()
#13 {main}
CRITICAL - 2021-02-28 14:07:53 --> Undefined property: CodeIgniter\View\View::$site
#0 /home/friday/wamp/Framework2.1/app/Views/meta.php(6): CodeIgniter\Debug\Exceptions->errorHandler(8, 'Undefined prope...', '/home/friday/wa...', 6, Array)
#1 /home/friday/wamp/Framework2.1/system/View/View.php(220): include('/home/friday/wa...')
#2 /home/friday/wamp/Framework2.1/system/View/View.php(222): CodeIgniter\View\View->CodeIgniter\View\{closure}()
#3 /home/friday/wamp/Framework2.1/system/Common.php(1217): CodeIgniter\View\View->render('meta', Array, true)
#4 /home/friday/wamp/Framework2.1/app/Views/admin/dashboard/dashboard.php(4): view('meta')
#5 /home/friday/wamp/Framework2.1/system/View/View.php(220): include('/home/friday/wa...')
#6 /home/friday/wamp/Framework2.1/system/View/View.php(222): CodeIgniter\View\View->CodeIgniter\View\{closure}()
#7 /home/friday/wamp/Framework2.1/system/Common.php(1217): CodeIgniter\View\View->render('admin/dashboard...', Array, true)
#8 /home/friday/wamp/Framework2.1/app/Controllers/Admin/Dashboard.php(25): view('admin/dashboard...', Array)
#9 /home/friday/wamp/Framework2.1/system/CodeIgniter.php(937): App\Controllers\Admin\Dashboard->index()
#10 /home/friday/wamp/Framework2.1/system/CodeIgniter.php(433): CodeIgniter\CodeIgniter->runController(Object(App\Controllers\Admin\Dashboard))
#11 /home/friday/wamp/Framework2.1/system/CodeIgniter.php(334): CodeIgniter\CodeIgniter->handleRequest(NULL, Object(Config\Cache), false)
#12 /home/friday/wamp/Framework2.1/public/index.php(44): CodeIgniter\CodeIgniter->run()
#13 {main}
CRITICAL - 2021-02-28 14:14:47 --> syntax error, unexpected 'echo' (T_ECHO)
#0 /home/friday/wamp/Framework2.1/system/View/View.php(222): CodeIgniter\View\View->CodeIgniter\View\{closure}()
#1 /home/friday/wamp/Framework2.1/system/Common.php(1217): CodeIgniter\View\View->render('admin/dashboard...', Array, true)
#2 /home/friday/wamp/Framework2.1/app/Controllers/Admin/Dashboard.php(25): view('admin/dashboard...', Array)
#3 /home/friday/wamp/Framework2.1/system/CodeIgniter.php(937): App\Controllers\Admin\Dashboard->index()
#4 /home/friday/wamp/Framework2.1/system/CodeIgniter.php(433): CodeIgniter\CodeIgniter->runController(Object(App\Controllers\Admin\Dashboard))
#5 /home/friday/wamp/Framework2.1/system/CodeIgniter.php(334): CodeIgniter\CodeIgniter->handleRequest(NULL, Object(Config\Cache), false)
#6 /home/friday/wamp/Framework2.1/public/index.php(44): CodeIgniter\CodeIgniter->run()
#7 {main}
CRITICAL - 2021-02-28 14:24:49 --> Invalid file: admin/defaults/topbar.php
#0 /home/friday/wamp/Framework2.1/system/View/View.php(203): CodeIgniter\Exceptions\FrameworkException::forInvalidFile('admin/defaults/...')
#1 /home/friday/wamp/Framework2.1/system/Common.php(1217): CodeIgniter\View\View->render('admin/defaults/...', Array, true)
#2 /home/friday/wamp/Framework2.1/app/Views/admin/dashboard/dashboard.php(21): view('admin/defaults/...')
#3 /home/friday/wamp/Framework2.1/system/View/View.php(220): include('/home/friday/wa...')
#4 /home/friday/wamp/Framework2.1/system/View/View.php(222): CodeIgniter\View\View->CodeIgniter\View\{closure}()
#5 /home/friday/wamp/Framework2.1/system/Common.php(1217): CodeIgniter\View\View->render('admin/dashboard...', Array, true)
#6 /home/friday/wamp/Framework2.1/app/Controllers/Admin/Dashboard.php(25): view('admin/dashboard...', Array)
#7 /home/friday/wamp/Framework2.1/system/CodeIgniter.php(937): App\Controllers\Admin\Dashboard->index()
#8 /home/friday/wamp/Framework2.1/system/CodeIgniter.php(433): CodeIgniter\CodeIgniter->runController(Object(App\Controllers\Admin\Dashboard))
#9 /home/friday/wamp/Framework2.1/system/CodeIgniter.php(334): CodeIgniter\CodeIgniter->handleRequest(NULL, Object(Config\Cache), false)
#10 /home/friday/wamp/Framework2.1/public/index.php(44): CodeIgniter\CodeIgniter->run()
#11 {main}
CRITICAL - 2021-02-28 15:22:51 --> Undefined property: CodeIgniter\View\View::$uri
#0 /home/friday/wamp/Framework2.1/app/Views/admin/defaults/sidebar.php(16): CodeIgniter\Debug\Exceptions->errorHandler(8, 'Undefined prope...', '/home/friday/wa...', 16, Array)
#1 /home/friday/wamp/Framework2.1/system/View/View.php(220): include('/home/friday/wa...')
#2 /home/friday/wamp/Framework2.1/system/View/View.php(222): CodeIgniter\View\View->CodeIgniter\View\{closure}()
#3 /home/friday/wamp/Framework2.1/system/Common.php(1217): CodeIgniter\View\View->render('admin/defaults/...', Array, true)
#4 /home/friday/wamp/Framework2.1/app/Views/admin/dashboard/dashboard.php(26): view('admin/defaults/...')
#5 /home/friday/wamp/Framework2.1/system/View/View.php(220): include('/home/friday/wa...')
#6 /home/friday/wamp/Framework2.1/system/View/View.php(222): CodeIgniter\View\View->CodeIgniter\View\{closure}()
#7 /home/friday/wamp/Framework2.1/system/Common.php(1217): CodeIgniter\View\View->render('admin/dashboard...', Array, true)
#8 /home/friday/wamp/Framework2.1/app/Controllers/Admin/Dashboard.php(25): view('admin/dashboard...', Array)
#9 /home/friday/wamp/Framework2.1/system/CodeIgniter.php(937): App\Controllers\Admin\Dashboard->index()
#10 /home/friday/wamp/Framework2.1/system/CodeIgniter.php(433): CodeIgniter\CodeIgniter->runController(Object(App\Controllers\Admin\Dashboard))
#11 /home/friday/wamp/Framework2.1/system/CodeIgniter.php(334): CodeIgniter\CodeIgniter->handleRequest(NULL, Object(Config\Cache), false)
#12 /home/friday/wamp/Framework2.1/public/index.php(44): CodeIgniter\CodeIgniter->run()
#13 {main}
CRITICAL - 2021-02-28 15:24:16 --> syntax error, unexpected ';'
#0 /home/friday/wamp/Framework2.1/system/View/View.php(222): CodeIgniter\View\View->CodeIgniter\View\{closure}()
#1 /home/friday/wamp/Framework2.1/system/Common.php(1217): CodeIgniter\View\View->render('admin/defaults/...', Array, true)
#2 /home/friday/wamp/Framework2.1/app/Views/admin/dashboard/dashboard.php(26): view('admin/defaults/...')
#3 /home/friday/wamp/Framework2.1/system/View/View.php(220): include('/home/friday/wa...')
#4 /home/friday/wamp/Framework2.1/system/View/View.php(222): CodeIgniter\View\View->CodeIgniter\View\{closure}()
#5 /home/friday/wamp/Framework2.1/system/Common.php(1217): CodeIgniter\View\View->render('admin/dashboard...', Array, true)
#6 /home/friday/wamp/Framework2.1/app/Controllers/Admin/Dashboard.php(25): view('admin/dashboard...', Array)
#7 /home/friday/wamp/Framework2.1/system/CodeIgniter.php(937): App\Controllers\Admin\Dashboard->index()
#8 /home/friday/wamp/Framework2.1/system/CodeIgniter.php(433): CodeIgniter\CodeIgniter->runController(Object(App\Controllers\Admin\Dashboard))
#9 /home/friday/wamp/Framework2.1/system/CodeIgniter.php(334): CodeIgniter\CodeIgniter->handleRequest(NULL, Object(Config\Cache), false)
#10 /home/friday/wamp/Framework2.1/public/index.php(44): CodeIgniter\CodeIgniter->run()
#11 {main}
CRITICAL - 2021-02-28 15:24:22 --> Undefined variable: uri
#0 /home/friday/wamp/Framework2.1/app/Views/admin/defaults/sidebar.php(16): CodeIgniter\Debug\Exceptions->errorHandler(8, 'Undefined varia...', '/home/friday/wa...', 16, Array)
#1 /home/friday/wamp/Framework2.1/system/View/View.php(220): include('/home/friday/wa...')
#2 /home/friday/wamp/Framework2.1/system/View/View.php(222): CodeIgniter\View\View->CodeIgniter\View\{closure}()
#3 /home/friday/wamp/Framework2.1/system/Common.php(1217): CodeIgniter\View\View->render('admin/defaults/...', Array, true)
#4 /home/friday/wamp/Framework2.1/app/Views/admin/dashboard/dashboard.php(26): view('admin/defaults/...')
#5 /home/friday/wamp/Framework2.1/system/View/View.php(220): include('/home/friday/wa...')
#6 /home/friday/wamp/Framework2.1/system/View/View.php(222): CodeIgniter\View\View->CodeIgniter\View\{closure}()
#7 /home/friday/wamp/Framework2.1/system/Common.php(1217): CodeIgniter\View\View->render('admin/dashboard...', Array, true)
#8 /home/friday/wamp/Framework2.1/app/Controllers/Admin/Dashboard.php(25): view('admin/dashboard...', Array)
#9 /home/friday/wamp/Framework2.1/system/CodeIgniter.php(937): App\Controllers\Admin\Dashboard->index()
#10 /home/friday/wamp/Framework2.1/system/CodeIgniter.php(433): CodeIgniter\CodeIgniter->runController(Object(App\Controllers\Admin\Dashboard))
#11 /home/friday/wamp/Framework2.1/system/CodeIgniter.php(334): CodeIgniter\CodeIgniter->handleRequest(NULL, Object(Config\Cache), false)
#12 /home/friday/wamp/Framework2.1/public/index.php(44): CodeIgniter\CodeIgniter->run()
#13 {main}
CRITICAL - 2021-02-28 15:25:32 --> Call to undefined method CodeIgniter\HTTP\URI::segment()
#0 /home/friday/wamp/Framework2.1/system/View/View.php(220): include()
#1 /home/friday/wamp/Framework2.1/system/View/View.php(222): CodeIgniter\View\View->CodeIgniter\View\{closure}()
#2 /home/friday/wamp/Framework2.1/system/Common.php(1217): CodeIgniter\View\View->render('admin/defaults/...', Array, true)
#3 /home/friday/wamp/Framework2.1/app/Views/admin/dashboard/dashboard.php(26): view('admin/defaults/...')
#4 /home/friday/wamp/Framework2.1/system/View/View.php(220): include('/home/friday/wa...')
#5 /home/friday/wamp/Framework2.1/system/View/View.php(222): CodeIgniter\View\View->CodeIgniter\View\{closure}()
#6 /home/friday/wamp/Framework2.1/system/Common.php(1217): CodeIgniter\View\View->render('admin/dashboard...', Array, true)
#7 /home/friday/wamp/Framework2.1/app/Controllers/Admin/Dashboard.php(25): view('admin/dashboard...', Array)
#8 /home/friday/wamp/Framework2.1/system/CodeIgniter.php(937): App\Controllers\Admin\Dashboard->index()
#9 /home/friday/wamp/Framework2.1/system/CodeIgniter.php(433): CodeIgniter\CodeIgniter->runController(Object(App\Controllers\Admin\Dashboard))
#10 /home/friday/wamp/Framework2.1/system/CodeIgniter.php(334): CodeIgniter\CodeIgniter->handleRequest(NULL, Object(Config\Cache), false)
#11 /home/friday/wamp/Framework2.1/public/index.php(44): CodeIgniter\CodeIgniter->run()
#12 {main}
CRITICAL - 2021-02-28 15:27:40 --> Undefined property: CodeIgniter\View\View::$request
#0 /home/friday/wamp/Framework2.1/app/Views/admin/defaults/sidebar.php(26): CodeIgniter\Debug\Exceptions->errorHandler(8, 'Undefined prope...', '/home/friday/wa...', 26, Array)
#1 /home/friday/wamp/Framework2.1/system/View/View.php(220): include('/home/friday/wa...')
#2 /home/friday/wamp/Framework2.1/system/View/View.php(222): CodeIgniter\View\View->CodeIgniter\View\{closure}()
#3 /home/friday/wamp/Framework2.1/system/Common.php(1217): CodeIgniter\View\View->render('admin/defaults/...', Array, true)
#4 /home/friday/wamp/Framework2.1/app/Views/admin/dashboard/dashboard.php(26): view('admin/defaults/...')
#5 /home/friday/wamp/Framework2.1/system/View/View.php(220): include('/home/friday/wa...')
#6 /home/friday/wamp/Framework2.1/system/View/View.php(222): CodeIgniter\View\View->CodeIgniter\View\{closure}()
#7 /home/friday/wamp/Framework2.1/system/Common.php(1217): CodeIgniter\View\View->render('admin/dashboard...', Array, true)
#8 /home/friday/wamp/Framework2.1/app/Controllers/Admin/Dashboard.php(25): view('admin/dashboard...', Array)
#9 /home/friday/wamp/Framework2.1/system/CodeIgniter.php(937): App\Controllers\Admin\Dashboard->index()
#10 /home/friday/wamp/Framework2.1/system/CodeIgniter.php(433): CodeIgniter\CodeIgniter->runController(Object(App\Controllers\Admin\Dashboard))
#11 /home/friday/wamp/Framework2.1/system/CodeIgniter.php(334): CodeIgniter\CodeIgniter->handleRequest(NULL, Object(Config\Cache), false)
#12 /home/friday/wamp/Framework2.1/public/index.php(44): CodeIgniter\CodeIgniter->run()
#13 {main}
CRITICAL - 2021-02-28 15:28:35 --> Request URI segment is out of range: 3
#0 /home/friday/wamp/Framework2.1/system/HTTP/URI.php(512): CodeIgniter\HTTP\Exceptions\HTTPException::forURISegmentOutOfRange(3)
#1 /home/friday/wamp/Framework2.1/app/Views/admin/defaults/sidebar.php(28): CodeIgniter\HTTP\URI->getSegment(3)
#2 /home/friday/wamp/Framework2.1/system/View/View.php(220): include('/home/friday/wa...')
#3 /home/friday/wamp/Framework2.1/system/View/View.php(222): CodeIgniter\View\View->CodeIgniter\View\{closure}()
#4 /home/friday/wamp/Framework2.1/system/Common.php(1217): CodeIgniter\View\View->render('admin/defaults/...', Array, true)
#5 /home/friday/wamp/Framework2.1/app/Views/admin/dashboard/dashboard.php(26): view('admin/defaults/...')
#6 /home/friday/wamp/Framework2.1/system/View/View.php(220): include('/home/friday/wa...')
#7 /home/friday/wamp/Framework2.1/system/View/View.php(222): CodeIgniter\View\View->CodeIgniter\View\{closure}()
#8 /home/friday/wamp/Framework2.1/system/Common.php(1217): CodeIgniter\View\View->render('admin/dashboard...', Array, true)
#9 /home/friday/wamp/Framework2.1/app/Controllers/Admin/Dashboard.php(25): view('admin/dashboard...', Array)
#10 /home/friday/wamp/Framework2.1/system/CodeIgniter.php(937): App\Controllers\Admin\Dashboard->index()
#11 /home/friday/wamp/Framework2.1/system/CodeIgniter.php(433): CodeIgniter\CodeIgniter->runController(Object(App\Controllers\Admin\Dashboard))
#12 /home/friday/wamp/Framework2.1/system/CodeIgniter.php(334): CodeIgniter\CodeIgniter->handleRequest(NULL, Object(Config\Cache), false)
#13 /home/friday/wamp/Framework2.1/public/index.php(44): CodeIgniter\CodeIgniter->run()
#14 {main}
CRITICAL - 2021-02-28 17:17:15 --> syntax error, unexpected ']', expecting ')'
#0 /home/friday/wamp/Framework2.1/system/Router/Router.php(170): CodeIgniter\Router\Router->autoRoute('process/mode')
#1 /home/friday/wamp/Framework2.1/system/CodeIgniter.php(817): CodeIgniter\Router\Router->handle('process/mode')
#2 /home/friday/wamp/Framework2.1/system/CodeIgniter.php(386): CodeIgniter\CodeIgniter->tryToRouteIt(Object(CodeIgniter\Router\RouteCollection))
#3 /home/friday/wamp/Framework2.1/system/CodeIgniter.php(334): CodeIgniter\CodeIgniter->handleRequest(NULL, Object(Config\Cache), false)
#4 /home/friday/wamp/Framework2.1/public/index.php(44): CodeIgniter\CodeIgniter->run()
#5 {main}
CRITICAL - 2021-02-28 17:17:41 --> Argument 1 passed to CodeIgniter\Database\BaseBuilder::whereIn() must be of the type string or null, array given, called in /home/friday/wamp/Framework2.1/system/Model.php on line 836
#0 /home/friday/wamp/Framework2.1/system/Model.php(836): CodeIgniter\Database\BaseBuilder->whereIn(Array)
#1 /home/friday/wamp/Framework2.1/app/Controllers/Process.php(13): CodeIgniter\Model->__call('whereIn', Array)
#2 /home/friday/wamp/Framework2.1/system/CodeIgniter.php(937): App\Controllers\Process->mode()
#3 /home/friday/wamp/Framework2.1/system/CodeIgniter.php(433): CodeIgniter\CodeIgniter->runController(Object(App\Controllers\Process))
#4 /home/friday/wamp/Framework2.1/system/CodeIgniter.php(334): CodeIgniter\CodeIgniter->handleRequest(NULL, Object(Config\Cache), false)
#5 /home/friday/wamp/Framework2.1/public/index.php(44): CodeIgniter\CodeIgniter->run()
#6 {main}
CRITICAL - 2021-02-28 17:17:58 --> Argument 1 passed to CodeIgniter\Database\BaseBuilder::whereIn() must be of the type string or null, array given, called in /home/friday/wamp/Framework2.1/system/Model.php on line 836
#0 /home/friday/wamp/Framework2.1/system/Model.php(836): CodeIgniter\Database\BaseBuilder->whereIn(Array)
#1 /home/friday/wamp/Framework2.1/app/Controllers/Process.php(13): CodeIgniter\Model->__call('whereIn', Array)
#2 /home/friday/wamp/Framework2.1/system/CodeIgniter.php(937): App\Controllers\Process->mode()
#3 /home/friday/wamp/Framework2.1/system/CodeIgniter.php(433): CodeIgniter\CodeIgniter->runController(Object(App\Controllers\Process))
#4 /home/friday/wamp/Framework2.1/system/CodeIgniter.php(334): CodeIgniter\CodeIgniter->handleRequest(NULL, Object(Config\Cache), false)
#5 /home/friday/wamp/Framework2.1/public/index.php(44): CodeIgniter\CodeIgniter->run()
#6 {main}
