CRITICAL - 2021-03-17 11:29:12 --> array_key_exists() expects parameter 2 to be array, null given
#0 [internal function]: CodeIgniter\Debug\Exceptions->errorHandler(2, 'array_key_exist...', 'D:\\Wamp\\www\\Fri...', 119, Array)
#1 D:\Wamp\www\Friday\app\Controllers\admin\Dashboard.php(119): array_key_exists('INSTALL_DIR', NULL)
#2 D:\Wamp\www\Friday\app\Controllers\admin\Dashboard.php(246): App\Controllers\Admin\Dashboard->replace_apache_var('${INSTALL_DIR}/...')
#3 D:\Wamp\www\Friday\app\Controllers\admin\Dashboard.php(26): App\Controllers\Admin\Dashboard->check_virtualhost()
#4 D:\Wamp\www\Friday\system\CodeIgniter.php(937): App\Controllers\Admin\Dashboard->index()
#5 D:\Wamp\www\Friday\system\CodeIgniter.php(433): CodeIgniter\CodeIgniter->runController(Object(App\Controllers\Admin\Dashboard))
#6 D:\Wamp\www\Friday\system\CodeIgniter.php(334): CodeIgniter\CodeIgniter->handleRequest(NULL, Object(Config\Cache), false)
#7 D:\Wamp\www\Friday\public\index.php(44): CodeIgniter\CodeIgniter->run()
#8 {main}
CRITICAL - 2021-03-17 11:29:54 --> array_key_exists() expects parameter 2 to be array, null given
#0 [internal function]: CodeIgniter\Debug\Exceptions->errorHandler(2, 'array_key_exist...', 'D:\\Wamp\\www\\Fri...', 125, Array)
#1 D:\Wamp\www\Friday\app\Controllers\admin\Dashboard.php(125): array_key_exists('INSTALL_DIR', NULL)
#2 D:\Wamp\www\Friday\app\Controllers\admin\Dashboard.php(252): App\Controllers\Admin\Dashboard->replace_apache_var('${INSTALL_DIR}/...')
#3 D:\Wamp\www\Friday\app\Controllers\admin\Dashboard.php(26): App\Controllers\Admin\Dashboard->check_virtualhost()
#4 D:\Wamp\www\Friday\system\CodeIgniter.php(937): App\Controllers\Admin\Dashboard->index()
#5 D:\Wamp\www\Friday\system\CodeIgniter.php(433): CodeIgniter\CodeIgniter->runController(Object(App\Controllers\Admin\Dashboard))
#6 D:\Wamp\www\Friday\system\CodeIgniter.php(334): CodeIgniter\CodeIgniter->handleRequest(NULL, Object(Config\Cache), false)
#7 D:\Wamp\www\Friday\public\index.php(44): CodeIgniter\CodeIgniter->run()
#8 {main}
CRITICAL - 2021-03-17 11:30:44 --> array_key_exists() expects parameter 2 to be array, null given
#0 [internal function]: CodeIgniter\Debug\Exceptions->errorHandler(2, 'array_key_exist...', 'D:\\Wamp\\www\\Fri...', 126, Array)
#1 D:\Wamp\www\Friday\app\Controllers\admin\Dashboard.php(126): array_key_exists('INSTALL_DIR', NULL)
#2 D:\Wamp\www\Friday\app\Controllers\admin\Dashboard.php(253): App\Controllers\Admin\Dashboard->replace_apache_var('${INSTALL_DIR}/...')
#3 D:\Wamp\www\Friday\app\Controllers\admin\Dashboard.php(26): App\Controllers\Admin\Dashboard->check_virtualhost()
#4 D:\Wamp\www\Friday\system\CodeIgniter.php(937): App\Controllers\Admin\Dashboard->index()
#5 D:\Wamp\www\Friday\system\CodeIgniter.php(433): CodeIgniter\CodeIgniter->runController(Object(App\Controllers\Admin\Dashboard))
#6 D:\Wamp\www\Friday\system\CodeIgniter.php(334): CodeIgniter\CodeIgniter->handleRequest(NULL, Object(Config\Cache), false)
#7 D:\Wamp\www\Friday\public\index.php(44): CodeIgniter\CodeIgniter->run()
#8 {main}
CRITICAL - 2021-03-17 11:31:09 --> array_key_exists() expects parameter 2 to be array, null given
#0 [internal function]: CodeIgniter\Debug\Exceptions->errorHandler(2, 'array_key_exist...', 'D:\\Wamp\\www\\Fri...', 128, Array)
#1 D:\Wamp\www\Friday\app\Controllers\admin\Dashboard.php(128): array_key_exists('INSTALL_DIR', NULL)
#2 D:\Wamp\www\Friday\app\Controllers\admin\Dashboard.php(255): App\Controllers\Admin\Dashboard->replace_apache_var('${INSTALL_DIR}/...')
#3 D:\Wamp\www\Friday\app\Controllers\admin\Dashboard.php(26): App\Controllers\Admin\Dashboard->check_virtualhost()
#4 D:\Wamp\www\Friday\system\CodeIgniter.php(937): App\Controllers\Admin\Dashboard->index()
#5 D:\Wamp\www\Friday\system\CodeIgniter.php(433): CodeIgniter\CodeIgniter->runController(Object(App\Controllers\Admin\Dashboard))
#6 D:\Wamp\www\Friday\system\CodeIgniter.php(334): CodeIgniter\CodeIgniter->handleRequest(NULL, Object(Config\Cache), false)
#7 D:\Wamp\www\Friday\public\index.php(44): CodeIgniter\CodeIgniter->run()
#8 {main}
CRITICAL - 2021-03-17 11:32:51 --> array_key_exists() expects parameter 2 to be array, null given
#0 [internal function]: CodeIgniter\Debug\Exceptions->errorHandler(2, 'array_key_exist...', 'D:\\Wamp\\www\\Fri...', 130, Array)
#1 D:\Wamp\www\Friday\app\Controllers\admin\Dashboard.php(130): array_key_exists('INSTALL_DIR', NULL)
#2 D:\Wamp\www\Friday\app\Controllers\admin\Dashboard.php(257): App\Controllers\Admin\Dashboard->replace_apache_var('${INSTALL_DIR}/...')
#3 D:\Wamp\www\Friday\app\Controllers\admin\Dashboard.php(26): App\Controllers\Admin\Dashboard->check_virtualhost()
#4 D:\Wamp\www\Friday\system\CodeIgniter.php(937): App\Controllers\Admin\Dashboard->index()
#5 D:\Wamp\www\Friday\system\CodeIgniter.php(433): CodeIgniter\CodeIgniter->runController(Object(App\Controllers\Admin\Dashboard))
#6 D:\Wamp\www\Friday\system\CodeIgniter.php(334): CodeIgniter\CodeIgniter->handleRequest(NULL, Object(Config\Cache), false)
#7 D:\Wamp\www\Friday\public\index.php(44): CodeIgniter\CodeIgniter->run()
#8 {main}
CRITICAL - 2021-03-17 11:33:07 --> array_key_exists() expects parameter 2 to be array, null given
#0 [internal function]: CodeIgniter\Debug\Exceptions->errorHandler(2, 'array_key_exist...', 'D:\\Wamp\\www\\Fri...', 130, Array)
#1 D:\Wamp\www\Friday\app\Controllers\admin\Dashboard.php(130): array_key_exists('INSTALL_DIR', NULL)
#2 D:\Wamp\www\Friday\app\Controllers\admin\Dashboard.php(257): App\Controllers\Admin\Dashboard->replace_apache_var('${INSTALL_DIR}/...')
#3 D:\Wamp\www\Friday\app\Controllers\admin\Dashboard.php(26): App\Controllers\Admin\Dashboard->check_virtualhost()
#4 D:\Wamp\www\Friday\system\CodeIgniter.php(937): App\Controllers\Admin\Dashboard->index()
#5 D:\Wamp\www\Friday\system\CodeIgniter.php(433): CodeIgniter\CodeIgniter->runController(Object(App\Controllers\Admin\Dashboard))
#6 D:\Wamp\www\Friday\system\CodeIgniter.php(334): CodeIgniter\CodeIgniter->handleRequest(NULL, Object(Config\Cache), false)
#7 D:\Wamp\www\Friday\public\index.php(44): CodeIgniter\CodeIgniter->run()
#8 {main}
CRITICAL - 2021-03-17 11:33:30 --> Undefined variable: c_installDir
#0 D:\Wamp\www\Friday\app\Controllers\admin\Dashboard.php(128): CodeIgniter\Debug\Exceptions->errorHandler(8, 'Undefined varia...', 'D:\\Wamp\\www\\Fri...', 128, Array)
#1 D:\Wamp\www\Friday\app\Controllers\admin\Dashboard.php(238): App\Controllers\Admin\Dashboard->replace_apache_var('80')
#2 D:\Wamp\www\Friday\app\Controllers\admin\Dashboard.php(26): App\Controllers\Admin\Dashboard->check_virtualhost()
#3 D:\Wamp\www\Friday\system\CodeIgniter.php(937): App\Controllers\Admin\Dashboard->index()
#4 D:\Wamp\www\Friday\system\CodeIgniter.php(433): CodeIgniter\CodeIgniter->runController(Object(App\Controllers\Admin\Dashboard))
#5 D:\Wamp\www\Friday\system\CodeIgniter.php(334): CodeIgniter\CodeIgniter->handleRequest(NULL, Object(Config\Cache), false)
#6 D:\Wamp\www\Friday\public\index.php(44): CodeIgniter\CodeIgniter->run()
#7 {main}
CRITICAL - 2021-03-17 11:33:55 --> Undefined variable: c_ApacheDefine
#0 D:\Wamp\www\Friday\app\Controllers\admin\Dashboard.php(132): CodeIgniter\Debug\Exceptions->errorHandler(8, 'Undefined varia...', 'D:\\Wamp\\www\\Fri...', 132, Array)
#1 D:\Wamp\www\Friday\app\Controllers\admin\Dashboard.php(259): App\Controllers\Admin\Dashboard->replace_apache_var('${INSTALL_DIR}/...')
#2 D:\Wamp\www\Friday\app\Controllers\admin\Dashboard.php(26): App\Controllers\Admin\Dashboard->check_virtualhost()
#3 D:\Wamp\www\Friday\system\CodeIgniter.php(937): App\Controllers\Admin\Dashboard->index()
#4 D:\Wamp\www\Friday\system\CodeIgniter.php(433): CodeIgniter\CodeIgniter->runController(Object(App\Controllers\Admin\Dashboard))
#5 D:\Wamp\www\Friday\system\CodeIgniter.php(334): CodeIgniter\CodeIgniter->handleRequest(NULL, Object(Config\Cache), false)
#6 D:\Wamp\www\Friday\public\index.php(44): CodeIgniter\CodeIgniter->run()
#7 {main}
CRITICAL - 2021-03-17 11:35:38 --> Call to undefined function App\Controllers\Admin\listen_ports()
#0 D:\Wamp\www\Friday\app\Controllers\admin\Dashboard.php(26): App\Controllers\Admin\Dashboard->check_virtualhost()
#1 D:\Wamp\www\Friday\system\CodeIgniter.php(937): App\Controllers\Admin\Dashboard->index()
#2 D:\Wamp\www\Friday\system\CodeIgniter.php(433): CodeIgniter\CodeIgniter->runController(Object(App\Controllers\Admin\Dashboard))
#3 D:\Wamp\www\Friday\system\CodeIgniter.php(334): CodeIgniter\CodeIgniter->handleRequest(NULL, Object(Config\Cache), false)
#4 D:\Wamp\www\Friday\public\index.php(44): CodeIgniter\CodeIgniter->run()
#5 {main}
CRITICAL - 2021-03-17 11:36:57 --> Call to undefined function App\Controllers\Admin\listen_ports()
#0 D:\Wamp\www\Friday\app\Controllers\admin\Dashboard.php(26): App\Controllers\Admin\Dashboard->check_virtualhost()
#1 D:\Wamp\www\Friday\system\CodeIgniter.php(937): App\Controllers\Admin\Dashboard->index()
#2 D:\Wamp\www\Friday\system\CodeIgniter.php(433): CodeIgniter\CodeIgniter->runController(Object(App\Controllers\Admin\Dashboard))
#3 D:\Wamp\www\Friday\system\CodeIgniter.php(334): CodeIgniter\CodeIgniter->handleRequest(NULL, Object(Config\Cache), false)
#4 D:\Wamp\www\Friday\public\index.php(44): CodeIgniter\CodeIgniter->run()
#5 {main}
CRITICAL - 2021-03-17 11:37:18 --> Use of undefined constant WAMPTRACE_PROCESS - assumed 'WAMPTRACE_PROCESS' (this will throw an Error in a future version of PHP)
#0 D:\Wamp\www\Friday\app\Controllers\admin\Dashboard.php(159): CodeIgniter\Debug\Exceptions->errorHandler(2, 'Use of undefine...', 'D:\\Wamp\\www\\Fri...', 159, Array)
#1 D:\Wamp\www\Friday\app\Controllers\admin\Dashboard.php(415): App\Controllers\Admin\Dashboard->listen_ports()
#2 D:\Wamp\www\Friday\app\Controllers\admin\Dashboard.php(26): App\Controllers\Admin\Dashboard->check_virtualhost()
#3 D:\Wamp\www\Friday\system\CodeIgniter.php(937): App\Controllers\Admin\Dashboard->index()
#4 D:\Wamp\www\Friday\system\CodeIgniter.php(433): CodeIgniter\CodeIgniter->runController(Object(App\Controllers\Admin\Dashboard))
#5 D:\Wamp\www\Friday\system\CodeIgniter.php(334): CodeIgniter\CodeIgniter->handleRequest(NULL, Object(Config\Cache), false)
#6 D:\Wamp\www\Friday\public\index.php(44): CodeIgniter\CodeIgniter->run()
#7 {main}
CRITICAL - 2021-03-17 11:38:14 --> App\Controllers\Admin\Dashboard::listen_ports(): Failed opening required '../../../config.trace.php' (include_path='.;C:\php\pear')
#0 [internal function]: CodeIgniter\Debug\Exceptions->shutdownHandler()
#1 {main}
CRITICAL - 2021-03-17 11:39:10 --> App\Controllers\Admin\Dashboard::listen_ports(): Failed opening required '../../scripts/config.trace.php' (include_path='.;C:\php\pear')
#0 [internal function]: CodeIgniter\Debug\Exceptions->shutdownHandler()
#1 {main}
CRITICAL - 2021-03-17 11:39:32 --> App\Controllers\Admin\Dashboard::listen_ports(): Failed opening required '../scripts/../config.trace.php' (include_path='.;C:\php\pear')
#0 [internal function]: CodeIgniter\Debug\Exceptions->shutdownHandler()
#1 {main}
CRITICAL - 2021-03-17 11:39:45 --> App\Controllers\Admin\Dashboard::listen_ports(): Failed opening required '../../config.trace.php' (include_path='.;C:\php\pear')
#0 [internal function]: CodeIgniter\Debug\Exceptions->shutdownHandler()
#1 {main}
CRITICAL - 2021-03-17 11:40:06 --> App\Controllers\Admin\Dashboard::listen_ports(): Failed opening required 'scripts/../config.trace.php' (include_path='.;C:\php\pear')
#0 [internal function]: CodeIgniter\Debug\Exceptions->shutdownHandler()
#1 {main}
CRITICAL - 2021-03-17 11:41:03 --> App\Controllers\Admin\Dashboard::listen_ports(): Failed opening required '../config.trace.php' (include_path='.;C:\php\pear')
#0 [internal function]: CodeIgniter\Debug\Exceptions->shutdownHandler()
#1 {main}
CRITICAL - 2021-03-17 11:41:36 --> file_get_contents(): Filename cannot be empty
#0 [internal function]: CodeIgniter\Debug\Exceptions->errorHandler(2, 'file_get_conten...', 'D:\\Wamp\\www\\Fri...', 162, Array)
#1 D:\Wamp\www\Friday\app\Controllers\admin\Dashboard.php(162): file_get_contents('')
#2 D:\Wamp\www\Friday\app\Controllers\admin\Dashboard.php(416): App\Controllers\Admin\Dashboard->listen_ports()
#3 D:\Wamp\www\Friday\app\Controllers\admin\Dashboard.php(26): App\Controllers\Admin\Dashboard->check_virtualhost()
#4 D:\Wamp\www\Friday\system\CodeIgniter.php(937): App\Controllers\Admin\Dashboard->index()
#5 D:\Wamp\www\Friday\system\CodeIgniter.php(433): CodeIgniter\CodeIgniter->runController(Object(App\Controllers\Admin\Dashboard))
#6 D:\Wamp\www\Friday\system\CodeIgniter.php(334): CodeIgniter\CodeIgniter->handleRequest(NULL, Object(Config\Cache), false)
#7 D:\Wamp\www\Friday\public\index.php(44): CodeIgniter\CodeIgniter->run()
#8 {main}
CRITICAL - 2021-03-17 11:42:01 --> array_map() expects parameter 1 to be a valid callback, function 'replace_apache_var' not found or invalid function name
#0 [internal function]: CodeIgniter\Debug\Exceptions->errorHandler(2, 'array_map() exp...', 'D:\\Wamp\\www\\Fri...', 164, Array)
#1 D:\Wamp\www\Friday\app\Controllers\admin\Dashboard.php(164): array_map('replace_apache_...', Array)
#2 D:\Wamp\www\Friday\app\Controllers\admin\Dashboard.php(416): App\Controllers\Admin\Dashboard->listen_ports()
#3 D:\Wamp\www\Friday\app\Controllers\admin\Dashboard.php(26): App\Controllers\Admin\Dashboard->check_virtualhost()
#4 D:\Wamp\www\Friday\system\CodeIgniter.php(937): App\Controllers\Admin\Dashboard->index()
#5 D:\Wamp\www\Friday\system\CodeIgniter.php(433): CodeIgniter\CodeIgniter->runController(Object(App\Controllers\Admin\Dashboard))
#6 D:\Wamp\www\Friday\system\CodeIgniter.php(334): CodeIgniter\CodeIgniter->handleRequest(NULL, Object(Config\Cache), false)
#7 D:\Wamp\www\Friday\public\index.php(44): CodeIgniter\CodeIgniter->run()
#8 {main}
CRITICAL - 2021-03-17 11:43:07 --> array_map() expects parameter 1 to be a valid callback, function 'replace_apache_var' not found or invalid function name
#0 [internal function]: CodeIgniter\Debug\Exceptions->errorHandler(2, 'array_map() exp...', 'D:\\Wamp\\www\\Fri...', 164, Array)
#1 D:\Wamp\www\Friday\app\Controllers\admin\Dashboard.php(164): array_map('replace_apache_...', Array)
#2 D:\Wamp\www\Friday\app\Controllers\admin\Dashboard.php(416): App\Controllers\Admin\Dashboard->listen_ports()
#3 D:\Wamp\www\Friday\app\Controllers\admin\Dashboard.php(26): App\Controllers\Admin\Dashboard->check_virtualhost()
#4 D:\Wamp\www\Friday\system\CodeIgniter.php(937): App\Controllers\Admin\Dashboard->index()
#5 D:\Wamp\www\Friday\system\CodeIgniter.php(433): CodeIgniter\CodeIgniter->runController(Object(App\Controllers\Admin\Dashboard))
#6 D:\Wamp\www\Friday\system\CodeIgniter.php(334): CodeIgniter\CodeIgniter->handleRequest(NULL, Object(Config\Cache), false)
#7 D:\Wamp\www\Friday\public\index.php(44): CodeIgniter\CodeIgniter->run()
#8 {main}
CRITICAL - 2021-03-17 11:45:24 --> Cannot redeclare App\Controllers\Admin\Dashboard::replace_apache_var()
#0 [internal function]: CodeIgniter\Debug\Exceptions->shutdownHandler()
#1 {main}
CRITICAL - 2021-03-17 11:46:08 --> Array to string conversion
#0 D:\Wamp\www\Friday\app\Controllers\admin\Dashboard.php(164): CodeIgniter\Debug\Exceptions->errorHandler(8, 'Array to string...', 'D:\\Wamp\\www\\Fri...', 164, Array)
#1 D:\Wamp\www\Friday\app\Controllers\admin\Dashboard.php(417): App\Controllers\Admin\Dashboard->listen_ports()
#2 D:\Wamp\www\Friday\app\Controllers\admin\Dashboard.php(26): App\Controllers\Admin\Dashboard->check_virtualhost()
#3 D:\Wamp\www\Friday\system\CodeIgniter.php(937): App\Controllers\Admin\Dashboard->index()
#4 D:\Wamp\www\Friday\system\CodeIgniter.php(433): CodeIgniter\CodeIgniter->runController(Object(App\Controllers\Admin\Dashboard))
#5 D:\Wamp\www\Friday\system\CodeIgniter.php(334): CodeIgniter\CodeIgniter->handleRequest(NULL, Object(Config\Cache), false)
#6 D:\Wamp\www\Friday\public\index.php(44): CodeIgniter\CodeIgniter->run()
#7 {main}
CRITICAL - 2021-03-17 11:46:26 --> array_diff(): Expected parameter 2 to be an array, null given
#0 [internal function]: CodeIgniter\Debug\Exceptions->errorHandler(2, 'array_diff(): E...', 'D:\\Wamp\\www\\Fri...', 417, Array)
#1 D:\Wamp\www\Friday\app\Controllers\admin\Dashboard.php(417): array_diff(Array, NULL)
#2 D:\Wamp\www\Friday\app\Controllers\admin\Dashboard.php(26): App\Controllers\Admin\Dashboard->check_virtualhost()
#3 D:\Wamp\www\Friday\system\CodeIgniter.php(937): App\Controllers\Admin\Dashboard->index()
#4 D:\Wamp\www\Friday\system\CodeIgniter.php(433): CodeIgniter\CodeIgniter->runController(Object(App\Controllers\Admin\Dashboard))
#5 D:\Wamp\www\Friday\system\CodeIgniter.php(334): CodeIgniter\CodeIgniter->handleRequest(NULL, Object(Config\Cache), false)
#6 D:\Wamp\www\Friday\public\index.php(44): CodeIgniter\CodeIgniter->run()
#7 {main}
CRITICAL - 2021-03-17 11:47:09 --> sort() expects parameter 1 to be array, string given
#0 [internal function]: CodeIgniter\Debug\Exceptions->errorHandler(2, 'sort() expects ...', 'D:\\Wamp\\www\\Fri...', 166, Array)
#1 D:\Wamp\www\Friday\app\Controllers\admin\Dashboard.php(166): sort('80')
#2 D:\Wamp\www\Friday\app\Controllers\admin\Dashboard.php(417): App\Controllers\Admin\Dashboard->listen_ports()
#3 D:\Wamp\www\Friday\app\Controllers\admin\Dashboard.php(26): App\Controllers\Admin\Dashboard->check_virtualhost()
#4 D:\Wamp\www\Friday\system\CodeIgniter.php(937): App\Controllers\Admin\Dashboard->index()
#5 D:\Wamp\www\Friday\system\CodeIgniter.php(433): CodeIgniter\CodeIgniter->runController(Object(App\Controllers\Admin\Dashboard))
#6 D:\Wamp\www\Friday\system\CodeIgniter.php(334): CodeIgniter\CodeIgniter->handleRequest(NULL, Object(Config\Cache), false)
#7 D:\Wamp\www\Friday\public\index.php(44): CodeIgniter\CodeIgniter->run()
#8 {main}
CRITICAL - 2021-03-17 11:47:22 --> Undefined variable: wwwDir
#0 D:\Wamp\www\Friday\app\Controllers\admin\Dashboard.php(433): CodeIgniter\Debug\Exceptions->errorHandler(8, 'Undefined varia...', 'D:\\Wamp\\www\\Fri...', 433, Array)
#1 D:\Wamp\www\Friday\app\Controllers\admin\Dashboard.php(26): App\Controllers\Admin\Dashboard->check_virtualhost()
#2 D:\Wamp\www\Friday\system\CodeIgniter.php(937): App\Controllers\Admin\Dashboard->index()
#3 D:\Wamp\www\Friday\system\CodeIgniter.php(433): CodeIgniter\CodeIgniter->runController(Object(App\Controllers\Admin\Dashboard))
#4 D:\Wamp\www\Friday\system\CodeIgniter.php(334): CodeIgniter\CodeIgniter->handleRequest(NULL, Object(Config\Cache), false)
#5 D:\Wamp\www\Friday\public\index.php(44): CodeIgniter\CodeIgniter->run()
#6 {main}
CRITICAL - 2021-03-17 11:48:09 --> Array to string conversion
#0 D:\Wamp\www\Friday\app\Controllers\admin\Dashboard.php(26): CodeIgniter\Debug\Exceptions->errorHandler(8, 'Array to string...', 'D:\\Wamp\\www\\Fri...', 26, Array)
#1 D:\Wamp\www\Friday\system\CodeIgniter.php(937): App\Controllers\Admin\Dashboard->index()
#2 D:\Wamp\www\Friday\system\CodeIgniter.php(433): CodeIgniter\CodeIgniter->runController(Object(App\Controllers\Admin\Dashboard))
#3 D:\Wamp\www\Friday\system\CodeIgniter.php(334): CodeIgniter\CodeIgniter->handleRequest(NULL, Object(Config\Cache), false)
#4 D:\Wamp\www\Friday\public\index.php(44): CodeIgniter\CodeIgniter->run()
#5 {main}
ERROR - 2021-03-17 11:56:02 --> mysqli_sql_exception: Unknown column 'mem_type' in 'where clause' in D:\Wamp\www\Friday\system\Database\MySQLi\Connection.php:314
Stack trace:
#0 D:\Wamp\www\Friday\system\Database\MySQLi\Connection.php(314): mysqli->query('SELECT *\nFROM `...')
#1 D:\Wamp\www\Friday\system\Database\BaseConnection.php(713): CodeIgniter\Database\MySQLi\Connection->execute('SELECT *\nFROM `...')
#2 D:\Wamp\www\Friday\system\Database\BaseConnection.php(641): CodeIgniter\Database\BaseConnection->simpleQuery('SELECT *\nFROM `...')
#3 D:\Wamp\www\Friday\system\Database\BaseBuilder.php(1866): CodeIgniter\Database\BaseConnection->query('SELECT *\nFROM `...', Array, false)
#4 D:\Wamp\www\Friday\system\Model.php(213): CodeIgniter\Database\BaseBuilder->get()
#5 D:\Wamp\www\Friday\system\BaseModel.php(583): CodeIgniter\Model->doFindAll(0, 0)
#6 D:\Wamp\www\Friday\app\Models\UserModel.php(110): CodeIgniter\BaseModel->findAll()
#7 D:\Wamp\www\Friday\app\Controllers\Login.php(35): App\Models\UserModel->UserDetails('shuganesh', '593bfe2a8892fa9...')
#8 D:\Wamp\www\Friday\system\CodeIgniter.php(937): App\Controllers\Login->index()
#9 D:\Wamp\www\Friday\system\CodeIgniter.php(433): CodeIgniter\CodeIgniter->runController(Object(App\Controllers\Login))
#10 D:\Wamp\www\Friday\system\CodeIgniter.php(334): CodeIgniter\CodeIgniter->handleRequest(NULL, Object(Config\Cache), false)
#11 D:\Wamp\www\Friday\public\index.php(44): CodeIgniter\CodeIgniter->run()
#12 {main}
CRITICAL - 2021-03-17 11:56:02 --> Unknown column 'mem_type' in 'where clause'
#0 D:\Wamp\www\Friday\system\Database\MySQLi\Connection.php(314): mysqli->query('SELECT *\nFROM `...')
#1 D:\Wamp\www\Friday\system\Database\BaseConnection.php(713): CodeIgniter\Database\MySQLi\Connection->execute('SELECT *\nFROM `...')
#2 D:\Wamp\www\Friday\system\Database\BaseConnection.php(641): CodeIgniter\Database\BaseConnection->simpleQuery('SELECT *\nFROM `...')
#3 D:\Wamp\www\Friday\system\Database\BaseBuilder.php(1866): CodeIgniter\Database\BaseConnection->query('SELECT *\nFROM `...', Array, false)
#4 D:\Wamp\www\Friday\system\Model.php(213): CodeIgniter\Database\BaseBuilder->get()
#5 D:\Wamp\www\Friday\system\BaseModel.php(583): CodeIgniter\Model->doFindAll(0, 0)
#6 D:\Wamp\www\Friday\app\Models\UserModel.php(110): CodeIgniter\BaseModel->findAll()
#7 D:\Wamp\www\Friday\app\Controllers\Login.php(35): App\Models\UserModel->UserDetails('shuganesh', '593bfe2a8892fa9...')
#8 D:\Wamp\www\Friday\system\CodeIgniter.php(937): App\Controllers\Login->index()
#9 D:\Wamp\www\Friday\system\CodeIgniter.php(433): CodeIgniter\CodeIgniter->runController(Object(App\Controllers\Login))
#10 D:\Wamp\www\Friday\system\CodeIgniter.php(334): CodeIgniter\CodeIgniter->handleRequest(NULL, Object(Config\Cache), false)
#11 D:\Wamp\www\Friday\public\index.php(44): CodeIgniter\CodeIgniter->run()
#12 {main}
ERROR - 2021-03-17 11:57:35 --> mysqli_sql_exception: Unknown column 'mem_type' in 'where clause' in D:\Wamp\www\Friday\system\Database\MySQLi\Connection.php:314
Stack trace:
#0 D:\Wamp\www\Friday\system\Database\MySQLi\Connection.php(314): mysqli->query('SELECT *\nFROM `...')
#1 D:\Wamp\www\Friday\system\Database\BaseConnection.php(713): CodeIgniter\Database\MySQLi\Connection->execute('SELECT *\nFROM `...')
#2 D:\Wamp\www\Friday\system\Database\BaseConnection.php(641): CodeIgniter\Database\BaseConnection->simpleQuery('SELECT *\nFROM `...')
#3 D:\Wamp\www\Friday\system\Database\BaseBuilder.php(1866): CodeIgniter\Database\BaseConnection->query('SELECT *\nFROM `...', Array, false)
#4 D:\Wamp\www\Friday\system\Model.php(213): CodeIgniter\Database\BaseBuilder->get()
#5 D:\Wamp\www\Friday\system\BaseModel.php(583): CodeIgniter\Model->doFindAll(0, 0)
#6 D:\Wamp\www\Friday\app\Models\UserModel.php(110): CodeIgniter\BaseModel->findAll()
#7 D:\Wamp\www\Friday\app\Controllers\Login.php(35): App\Models\UserModel->UserDetails('shuganesh', '593bfe2a8892fa9...')
#8 D:\Wamp\www\Friday\system\CodeIgniter.php(937): App\Controllers\Login->index()
#9 D:\Wamp\www\Friday\system\CodeIgniter.php(433): CodeIgniter\CodeIgniter->runController(Object(App\Controllers\Login))
#10 D:\Wamp\www\Friday\system\CodeIgniter.php(334): CodeIgniter\CodeIgniter->handleRequest(NULL, Object(Config\Cache), false)
#11 D:\Wamp\www\Friday\public\index.php(44): CodeIgniter\CodeIgniter->run()
#12 {main}
CRITICAL - 2021-03-17 11:57:35 --> Unknown column 'mem_type' in 'where clause'
#0 D:\Wamp\www\Friday\system\Database\MySQLi\Connection.php(314): mysqli->query('SELECT *\nFROM `...')
#1 D:\Wamp\www\Friday\system\Database\BaseConnection.php(713): CodeIgniter\Database\MySQLi\Connection->execute('SELECT *\nFROM `...')
#2 D:\Wamp\www\Friday\system\Database\BaseConnection.php(641): CodeIgniter\Database\BaseConnection->simpleQuery('SELECT *\nFROM `...')
#3 D:\Wamp\www\Friday\system\Database\BaseBuilder.php(1866): CodeIgniter\Database\BaseConnection->query('SELECT *\nFROM `...', Array, false)
#4 D:\Wamp\www\Friday\system\Model.php(213): CodeIgniter\Database\BaseBuilder->get()
#5 D:\Wamp\www\Friday\system\BaseModel.php(583): CodeIgniter\Model->doFindAll(0, 0)
#6 D:\Wamp\www\Friday\app\Models\UserModel.php(110): CodeIgniter\BaseModel->findAll()
#7 D:\Wamp\www\Friday\app\Controllers\Login.php(35): App\Models\UserModel->UserDetails('shuganesh', '593bfe2a8892fa9...')
#8 D:\Wamp\www\Friday\system\CodeIgniter.php(937): App\Controllers\Login->index()
#9 D:\Wamp\www\Friday\system\CodeIgniter.php(433): CodeIgniter\CodeIgniter->runController(Object(App\Controllers\Login))
#10 D:\Wamp\www\Friday\system\CodeIgniter.php(334): CodeIgniter\CodeIgniter->handleRequest(NULL, Object(Config\Cache), false)
#11 D:\Wamp\www\Friday\public\index.php(44): CodeIgniter\CodeIgniter->run()
#12 {main}
CRITICAL - 2021-03-17 12:02:59 --> Undefined variable: langue
#0 D:\Wamp\www\Friday\app\Views\admin\dashboard\dashboard.php(207): CodeIgniter\Debug\Exceptions->errorHandler(8, 'Undefined varia...', 'D:\\Wamp\\www\\Fri...', 207, Array)
#1 D:\Wamp\www\Friday\system\View\View.php(220): include('D:\\Wamp\\www\\Fri...')
#2 D:\Wamp\www\Friday\system\View\View.php(222): CodeIgniter\View\View->CodeIgniter\View\{closure}()
#3 D:\Wamp\www\Friday\system\Common.php(1217): CodeIgniter\View\View->render('admin/dashboard...', Array, true)
#4 D:\Wamp\www\Friday\app\Controllers\admin\Dashboard.php(28): view('admin/dashboard...', Array)
#5 D:\Wamp\www\Friday\system\CodeIgniter.php(937): App\Controllers\Admin\Dashboard->index()
#6 D:\Wamp\www\Friday\system\CodeIgniter.php(433): CodeIgniter\CodeIgniter->runController(Object(App\Controllers\Admin\Dashboard))
#7 D:\Wamp\www\Friday\system\CodeIgniter.php(334): CodeIgniter\CodeIgniter->handleRequest(NULL, Object(Config\Cache), false)
#8 D:\Wamp\www\Friday\public\index.php(44): CodeIgniter\CodeIgniter->run()
#9 {main}
CRITICAL - 2021-03-17 12:02:59 --> Uncaught ErrorException: print_r(): Property access is not allowed yet in D:\Wamp\www\Friday\app\Views\errors\html\error_exception.php:100
Stack trace:
#0 [internal function]: CodeIgniter\Debug\Exceptions->errorHandler(2, 'print_r(): Prop...', 'D:\\Wamp\\www\\Fri...', 100, Array)
#1 D:\Wamp\www\Friday\app\Views\errors\html\error_exception.php(100): print_r(Array, true)
#2 D:\Wamp\www\Friday\system\Debug\Exceptions.php(281): include('D:\\Wamp\\www\\Fri...')
#3 D:\Wamp\www\Friday\system\Debug\Exceptions.php(147): CodeIgniter\Debug\Exceptions->render(Object(ErrorException), 500)
#4 [internal function]: CodeIgniter\Debug\Exceptions->exceptionHandler(Object(ErrorException))
#5 {main}
  thrown
#0 [internal function]: CodeIgniter\Debug\Exceptions->shutdownHandler()
#1 {main}
CRITICAL - 2021-03-17 12:04:10 --> Undefined variable: langue
#0 D:\Wamp\www\Friday\app\Views\admin\dashboard\dashboard.php(207): CodeIgniter\Debug\Exceptions->errorHandler(8, 'Undefined varia...', 'D:\\Wamp\\www\\Fri...', 207, Array)
#1 D:\Wamp\www\Friday\system\View\View.php(220): include('D:\\Wamp\\www\\Fri...')
#2 D:\Wamp\www\Friday\system\View\View.php(222): CodeIgniter\View\View->CodeIgniter\View\{closure}()
#3 D:\Wamp\www\Friday\system\Common.php(1217): CodeIgniter\View\View->render('admin/dashboard...', Array, true)
#4 D:\Wamp\www\Friday\app\Controllers\admin\Dashboard.php(28): view('admin/dashboard...', Array)
#5 D:\Wamp\www\Friday\system\CodeIgniter.php(937): App\Controllers\Admin\Dashboard->index()
#6 D:\Wamp\www\Friday\system\CodeIgniter.php(433): CodeIgniter\CodeIgniter->runController(Object(App\Controllers\Admin\Dashboard))
#7 D:\Wamp\www\Friday\system\CodeIgniter.php(334): CodeIgniter\CodeIgniter->handleRequest(NULL, Object(Config\Cache), false)
#8 D:\Wamp\www\Friday\public\index.php(44): CodeIgniter\CodeIgniter->run()
#9 {main}
CRITICAL - 2021-03-17 12:04:10 --> Uncaught ErrorException: print_r(): Property access is not allowed yet in D:\Wamp\www\Friday\app\Views\errors\html\error_exception.php:100
Stack trace:
#0 [internal function]: CodeIgniter\Debug\Exceptions->errorHandler(2, 'print_r(): Prop...', 'D:\\Wamp\\www\\Fri...', 100, Array)
#1 D:\Wamp\www\Friday\app\Views\errors\html\error_exception.php(100): print_r(Array, true)
#2 D:\Wamp\www\Friday\system\Debug\Exceptions.php(281): include('D:\\Wamp\\www\\Fri...')
#3 D:\Wamp\www\Friday\system\Debug\Exceptions.php(147): CodeIgniter\Debug\Exceptions->render(Object(ErrorException), 500)
#4 [internal function]: CodeIgniter\Debug\Exceptions->exceptionHandler(Object(ErrorException))
#5 {main}
  thrown
#0 [internal function]: CodeIgniter\Debug\Exceptions->shutdownHandler()
#1 {main}
CRITICAL - 2021-03-17 15:39:21 --> Undefined variable: output
#0 D:\Wamp\www\Friday\app\Views\admin\git\git.php(44): CodeIgniter\Debug\Exceptions->errorHandler(8, 'Undefined varia...', 'D:\\Wamp\\www\\Fri...', 44, Array)
#1 D:\Wamp\www\Friday\system\View\View.php(220): include('D:\\Wamp\\www\\Fri...')
#2 D:\Wamp\www\Friday\system\View\View.php(222): CodeIgniter\View\View->CodeIgniter\View\{closure}()
#3 D:\Wamp\www\Friday\system\Common.php(1217): CodeIgniter\View\View->render('admin/git/git', Array, true)
#4 D:\Wamp\www\Friday\app\Controllers\admin\Dashboard.php(37): view('admin/git/git', Array)
#5 D:\Wamp\www\Friday\system\CodeIgniter.php(937): App\Controllers\Admin\Dashboard->git()
#6 D:\Wamp\www\Friday\system\CodeIgniter.php(433): CodeIgniter\CodeIgniter->runController(Object(App\Controllers\Admin\Dashboard))
#7 D:\Wamp\www\Friday\system\CodeIgniter.php(334): CodeIgniter\CodeIgniter->handleRequest(NULL, Object(Config\Cache), false)
#8 D:\Wamp\www\Friday\public\index.php(44): CodeIgniter\CodeIgniter->run()
#9 {main}
CRITICAL - 2021-03-17 20:21:25 --> get_headers() expects at least 1 parameter, 0 given
#0 [internal function]: CodeIgniter\Debug\Exceptions->errorHandler(2, 'get_headers() e...', 'D:\\Wamp\\www\\Fri...', 29, Array)
#1 D:\Wamp\www\Friday\app\Controllers\Process.php(29): get_headers()
#2 D:\Wamp\www\Friday\system\CodeIgniter.php(937): App\Controllers\Process->cloneFile()
#3 D:\Wamp\www\Friday\system\CodeIgniter.php(433): CodeIgniter\CodeIgniter->runController(Object(App\Controllers\Process))
#4 D:\Wamp\www\Friday\system\CodeIgniter.php(334): CodeIgniter\CodeIgniter->handleRequest(NULL, Object(Config\Cache), false)
#5 D:\Wamp\www\Friday\public\index.php(44): CodeIgniter\CodeIgniter->run()
#6 {main}
CRITICAL - 2021-03-17 20:21:26 --> get_headers() expects at least 1 parameter, 0 given
#0 [internal function]: CodeIgniter\Debug\Exceptions->errorHandler(2, 'get_headers() e...', 'D:\\Wamp\\www\\Fri...', 29, Array)
#1 D:\Wamp\www\Friday\app\Controllers\Process.php(29): get_headers()
#2 D:\Wamp\www\Friday\system\CodeIgniter.php(937): App\Controllers\Process->cloneFile()
#3 D:\Wamp\www\Friday\system\CodeIgniter.php(433): CodeIgniter\CodeIgniter->runController(Object(App\Controllers\Process))
#4 D:\Wamp\www\Friday\system\CodeIgniter.php(334): CodeIgniter\CodeIgniter->handleRequest(NULL, Object(Config\Cache), false)
#5 D:\Wamp\www\Friday\public\index.php(44): CodeIgniter\CodeIgniter->run()
#6 {main}
CRITICAL - 2021-03-17 20:34:38 --> Undefined index: filename
#0 D:\Wamp\www\Friday\app\Controllers\Process.php(35): CodeIgniter\Debug\Exceptions->errorHandler(8, 'Undefined index...', 'D:\\Wamp\\www\\Fri...', 35, Array)
#1 D:\Wamp\www\Friday\system\CodeIgniter.php(937): App\Controllers\Process->cloneFile()
#2 D:\Wamp\www\Friday\system\CodeIgniter.php(433): CodeIgniter\CodeIgniter->runController(Object(App\Controllers\Process))
#3 D:\Wamp\www\Friday\system\CodeIgniter.php(334): CodeIgniter\CodeIgniter->handleRequest(NULL, Object(Config\Cache), false)
#4 D:\Wamp\www\Friday\public\index.php(44): CodeIgniter\CodeIgniter->run()
#5 {main}
CRITICAL - 2021-03-17 20:38:09 --> Undefined variable: fileName
#0 D:\Wamp\www\Friday\app\Controllers\Process.php(37): CodeIgniter\Debug\Exceptions->errorHandler(8, 'Undefined varia...', 'D:\\Wamp\\www\\Fri...', 37, Array)
#1 D:\Wamp\www\Friday\system\CodeIgniter.php(937): App\Controllers\Process->cloneFile()
#2 D:\Wamp\www\Friday\system\CodeIgniter.php(433): CodeIgniter\CodeIgniter->runController(Object(App\Controllers\Process))
#3 D:\Wamp\www\Friday\system\CodeIgniter.php(334): CodeIgniter\CodeIgniter->handleRequest(NULL, Object(Config\Cache), false)
#4 D:\Wamp\www\Friday\public\index.php(44): CodeIgniter\CodeIgniter->run()
#5 {main}
CRITICAL - 2021-03-17 20:38:42 --> Undefined index: filename
#0 D:\Wamp\www\Friday\app\Controllers\Process.php(35): CodeIgniter\Debug\Exceptions->errorHandler(8, 'Undefined index...', 'D:\\Wamp\\www\\Fri...', 35, Array)
#1 D:\Wamp\www\Friday\system\CodeIgniter.php(937): App\Controllers\Process->cloneFile()
#2 D:\Wamp\www\Friday\system\CodeIgniter.php(433): CodeIgniter\CodeIgniter->runController(Object(App\Controllers\Process))
#3 D:\Wamp\www\Friday\system\CodeIgniter.php(334): CodeIgniter\CodeIgniter->handleRequest(NULL, Object(Config\Cache), false)
#4 D:\Wamp\www\Friday\public\index.php(44): CodeIgniter\CodeIgniter->run()
#5 {main}
CRITICAL - 2021-03-17 20:55:56 --> Array to string conversion
#0 D:\Wamp\www\Friday\app\Controllers\Process.php(34): CodeIgniter\Debug\Exceptions->errorHandler(8, 'Array to string...', 'D:\\Wamp\\www\\Fri...', 34, Array)
#1 D:\Wamp\www\Friday\system\CodeIgniter.php(937): App\Controllers\Process->cloneFile()
#2 D:\Wamp\www\Friday\system\CodeIgniter.php(433): CodeIgniter\CodeIgniter->runController(Object(App\Controllers\Process))
#3 D:\Wamp\www\Friday\system\CodeIgniter.php(334): CodeIgniter\CodeIgniter->handleRequest(NULL, Object(Config\Cache), false)
#4 D:\Wamp\www\Friday\public\index.php(44): CodeIgniter\CodeIgniter->run()
#5 {main}
CRITICAL - 2021-03-17 20:56:01 --> Array to string conversion
#0 D:\Wamp\www\Friday\app\Controllers\Process.php(34): CodeIgniter\Debug\Exceptions->errorHandler(8, 'Array to string...', 'D:\\Wamp\\www\\Fri...', 34, Array)
#1 D:\Wamp\www\Friday\system\CodeIgniter.php(937): App\Controllers\Process->cloneFile()
#2 D:\Wamp\www\Friday\system\CodeIgniter.php(433): CodeIgniter\CodeIgniter->runController(Object(App\Controllers\Process))
#3 D:\Wamp\www\Friday\system\CodeIgniter.php(334): CodeIgniter\CodeIgniter->handleRequest(NULL, Object(Config\Cache), false)
#4 D:\Wamp\www\Friday\public\index.php(44): CodeIgniter\CodeIgniter->run()
#5 {main}
CRITICAL - 2021-03-17 20:57:18 --> ini_set(): Headers already sent. You cannot change the session module's ini settings at this time
#0 [internal function]: CodeIgniter\Debug\Exceptions->errorHandler(2, 'ini_set(): Head...', 'D:\\Wamp\\www\\Fri...', 80, Array)
#1 D:\Wamp\www\Friday\system\Session\Handlers\FileHandler.php(80): ini_set('session.save_pa...', 'D:\\Wamp\\www\\Fri...')
#2 D:\Wamp\www\Friday\system\Config\Services.php(706): CodeIgniter\Session\Handlers\FileHandler->__construct(Object(Config\App), '::1')
#3 D:\Wamp\www\Friday\system\Config\BaseService.php(100): CodeIgniter\Config\Services::session(Object(Config\App), false)
#4 D:\Wamp\www\Friday\system\Config\Services.php(699): CodeIgniter\Config\BaseService::getSharedInstance('session', NULL)
#5 D:\Wamp\www\Friday\system\Config\BaseService.php(171): CodeIgniter\Config\Services::session()
#6 D:\Wamp\www\Friday\app\Controllers\BaseController.php(51): CodeIgniter\Config\BaseService::__callStatic('session', Array)
#7 D:\Wamp\www\Friday\system\CodeIgniter.php(910): App\Controllers\BaseController->initController(Object(CodeIgniter\HTTP\IncomingRequest), Object(CodeIgniter\HTTP\Response), Object(CodeIgniter\Log\Logger))
#8 D:\Wamp\www\Friday\system\CodeIgniter.php(423): CodeIgniter\CodeIgniter->createController()
#9 D:\Wamp\www\Friday\system\CodeIgniter.php(334): CodeIgniter\CodeIgniter->handleRequest(NULL, Object(Config\Cache), false)
#10 D:\Wamp\www\Friday\public\index.php(44): CodeIgniter\CodeIgniter->run()
#11 {main}
CRITICAL - 2021-03-17 20:57:18 --> Uncaught ErrorException: Cannot modify header information - headers already sent by (output started at D:\Wamp\www\Friday\app\Config\Events.php:35) in D:\Wamp\www\Friday\system\Debug\Exceptions.php:137
Stack trace:
#0 [internal function]: CodeIgniter\Debug\Exceptions->errorHandler(2, 'Cannot modify h...', 'D:\\Wamp\\www\\Fri...', 137, Array)
#1 D:\Wamp\www\Friday\system\Debug\Exceptions.php(137): header('HTTP/1.1 500 In...', true, 500)
#2 [internal function]: CodeIgniter\Debug\Exceptions->exceptionHandler(Object(ErrorException))
#3 {main}
  thrown
#0 [internal function]: CodeIgniter\Debug\Exceptions->shutdownHandler()
#1 {main}
CRITICAL - 2021-03-17 20:57:48 --> ini_set(): Headers already sent. You cannot change the session module's ini settings at this time
#0 [internal function]: CodeIgniter\Debug\Exceptions->errorHandler(2, 'ini_set(): Head...', 'D:\\Wamp\\www\\Fri...', 80, Array)
#1 D:\Wamp\www\Friday\system\Session\Handlers\FileHandler.php(80): ini_set('session.save_pa...', 'D:\\Wamp\\www\\Fri...')
#2 D:\Wamp\www\Friday\system\Config\Services.php(706): CodeIgniter\Session\Handlers\FileHandler->__construct(Object(Config\App), '::1')
#3 D:\Wamp\www\Friday\system\Config\BaseService.php(100): CodeIgniter\Config\Services::session(Object(Config\App), false)
#4 D:\Wamp\www\Friday\system\Config\Services.php(699): CodeIgniter\Config\BaseService::getSharedInstance('session', NULL)
#5 D:\Wamp\www\Friday\system\Config\BaseService.php(171): CodeIgniter\Config\Services::session()
#6 D:\Wamp\www\Friday\app\Controllers\BaseController.php(51): CodeIgniter\Config\BaseService::__callStatic('session', Array)
#7 D:\Wamp\www\Friday\system\CodeIgniter.php(910): App\Controllers\BaseController->initController(Object(CodeIgniter\HTTP\IncomingRequest), Object(CodeIgniter\HTTP\Response), Object(CodeIgniter\Log\Logger))
#8 D:\Wamp\www\Friday\system\CodeIgniter.php(423): CodeIgniter\CodeIgniter->createController()
#9 D:\Wamp\www\Friday\system\CodeIgniter.php(334): CodeIgniter\CodeIgniter->handleRequest(NULL, Object(Config\Cache), false)
#10 D:\Wamp\www\Friday\public\index.php(44): CodeIgniter\CodeIgniter->run()
#11 {main}
CRITICAL - 2021-03-17 20:57:48 --> Uncaught ErrorException: Cannot modify header information - headers already sent by (output started at D:\Wamp\www\Friday\app\Config\Events.php:35) in D:\Wamp\www\Friday\system\Debug\Exceptions.php:137
Stack trace:
#0 [internal function]: CodeIgniter\Debug\Exceptions->errorHandler(2, 'Cannot modify h...', 'D:\\Wamp\\www\\Fri...', 137, Array)
#1 D:\Wamp\www\Friday\system\Debug\Exceptions.php(137): header('HTTP/1.1 500 In...', true, 500)
#2 [internal function]: CodeIgniter\Debug\Exceptions->exceptionHandler(Object(ErrorException))
#3 {main}
  thrown
#0 [internal function]: CodeIgniter\Debug\Exceptions->shutdownHandler()
#1 {main}
