ERROR - 2021-03-16 10:42:37 --> mysqli_sql_exception: Variable 'character_set_client' can't be set to the value of 'NULL' in D:\Wamp\www\Friday\system\Database\MySQLi\Connection.php:314
Stack trace:
#0 D:\Wamp\www\Friday\system\Database\MySQLi\Connection.php(314): mysqli->query('\r\n/*!40101 SET ...')
#1 D:\Wamp\www\Friday\system\Database\BaseConnection.php(713): CodeIgniter\Database\MySQLi\Connection->execute('\r\n/*!40101 SET ...')
#2 D:\Wamp\www\Friday\system\Database\BaseConnection.php(641): CodeIgniter\Database\BaseConnection->simpleQuery('\r\n/*!40101 SET ...')
#3 D:\Wamp\www\Friday\app\Controllers\Install.php(67): CodeIgniter\Database\BaseConnection->query('\r\n/*!40101 SET ...')
#4 D:\Wamp\www\Friday\system\CodeIgniter.php(937): App\Controllers\Install->index()
#5 D:\Wamp\www\Friday\system\CodeIgniter.php(433): CodeIgniter\CodeIgniter->runController(Object(App\Controllers\Install))
#6 D:\Wamp\www\Friday\system\CodeIgniter.php(334): CodeIgniter\CodeIgniter->handleRequest(NULL, Object(Config\Cache), false)
#7 D:\Wamp\www\Friday\public\index.php(44): CodeIgniter\CodeIgniter->run()
#8 {main}
ERROR - 2021-03-16 10:42:37 --> mysqli_sql_exception: Variable 'collation_connection' can't be set to the value of 'NULL' in D:\Wamp\www\Friday\system\Database\MySQLi\Connection.php:314
Stack trace:
#0 D:\Wamp\www\Friday\system\Database\MySQLi\Connection.php(314): mysqli->query('/*!40101 SET CO...')
#1 D:\Wamp\www\Friday\system\Database\BaseConnection.php(713): CodeIgniter\Database\MySQLi\Connection->execute('/*!40101 SET CO...')
#2 D:\Wamp\www\Friday\system\Database\BaseConnection.php(641): CodeIgniter\Database\BaseConnection->simpleQuery('/*!40101 SET CO...')
#3 D:\Wamp\www\Friday\app\Controllers\Install.php(67): CodeIgniter\Database\BaseConnection->query('/*!40101 SET CO...')
#4 D:\Wamp\www\Friday\system\CodeIgniter.php(937): App\Controllers\Install->index()
#5 D:\Wamp\www\Friday\system\CodeIgniter.php(433): CodeIgniter\CodeIgniter->runController(Object(App\Controllers\Install))
#6 D:\Wamp\www\Friday\system\CodeIgniter.php(334): CodeIgniter\CodeIgniter->handleRequest(NULL, Object(Config\Cache), false)
#7 D:\Wamp\www\Friday\public\index.php(44): CodeIgniter\CodeIgniter->run()
#8 {main}
CRITICAL - 2021-03-16 10:46:22 --> Class 'App\Controllers\Admin\BaseController' not found
#0 D:\Wamp\www\Friday\system\Autoloader\Autoloader.php(294): include_once()
#1 D:\Wamp\www\Friday\system\Autoloader\Autoloader.php(265): CodeIgniter\Autoloader\Autoloader->includeFile('D:\\Wamp\\www\\Fri...')
#2 D:\Wamp\www\Friday\system\Autoloader\Autoloader.php(228): CodeIgniter\Autoloader\Autoloader->loadInNamespace('App\\Controllers...')
#3 [internal function]: CodeIgniter\Autoloader\Autoloader->loadClass('App\\Controllers...')
#4 [internal function]: spl_autoload_call('App\\Controllers...')
#5 D:\Wamp\www\Friday\system\CodeIgniter.php(894): class_exists('\\App\\Controller...', true)
#6 D:\Wamp\www\Friday\system\CodeIgniter.php(418): CodeIgniter\CodeIgniter->startController()
#7 D:\Wamp\www\Friday\system\CodeIgniter.php(334): CodeIgniter\CodeIgniter->handleRequest(NULL, Object(Config\Cache), false)
#8 D:\Wamp\www\Friday\public\index.php(44): CodeIgniter\CodeIgniter->run()
#9 {main}
CRITICAL - 2021-03-16 10:48:15 --> Invalid file: login.php
#0 D:\Wamp\www\Friday\system\View\View.php(203): CodeIgniter\Exceptions\FrameworkException::forInvalidFile('login.php')
#1 D:\Wamp\www\Friday\system\Common.php(1217): CodeIgniter\View\View->render('login', Array, true)
#2 D:\Wamp\www\Friday\app\Controllers\Login.php(88): view('login', Array)
#3 D:\Wamp\www\Friday\system\CodeIgniter.php(937): App\Controllers\Login->index()
#4 D:\Wamp\www\Friday\system\CodeIgniter.php(433): CodeIgniter\CodeIgniter->runController(Object(App\Controllers\Login))
#5 D:\Wamp\www\Friday\system\CodeIgniter.php(334): CodeIgniter\CodeIgniter->handleRequest(NULL, Object(Config\Cache), false)
#6 D:\Wamp\www\Friday\public\index.php(44): CodeIgniter\CodeIgniter->run()
#7 {main}
CRITICAL - 2021-03-16 10:54:17 --> Undefined variable: icon_mode
#0 D:\Wamp\www\Friday\app\Views\admin\defaults\topbar.php(24): CodeIgniter\Debug\Exceptions->errorHandler(8, 'Undefined varia...', 'D:\\Wamp\\www\\Fri...', 24, Array)
#1 D:\Wamp\www\Friday\system\View\View.php(220): include('D:\\Wamp\\www\\Fri...')
#2 D:\Wamp\www\Friday\system\View\View.php(222): CodeIgniter\View\View->CodeIgniter\View\{closure}()
#3 D:\Wamp\www\Friday\system\Common.php(1217): CodeIgniter\View\View->render('admin/defaults/...', Array, true)
#4 D:\Wamp\www\Friday\app\Views\admin\dashboard\dashboard.php(30): view('admin/defaults/...')
#5 D:\Wamp\www\Friday\system\View\View.php(220): include('D:\\Wamp\\www\\Fri...')
#6 D:\Wamp\www\Friday\system\View\View.php(222): CodeIgniter\View\View->CodeIgniter\View\{closure}()
#7 D:\Wamp\www\Friday\system\Common.php(1217): CodeIgniter\View\View->render('admin/dashboard...', Array, true)
#8 D:\Wamp\www\Friday\app\Controllers\admin\Dashboard.php(25): view('admin/dashboard...', Array)
#9 D:\Wamp\www\Friday\system\CodeIgniter.php(937): App\Controllers\Admin\Dashboard->index()
#10 D:\Wamp\www\Friday\system\CodeIgniter.php(433): CodeIgniter\CodeIgniter->runController(Object(App\Controllers\Admin\Dashboard))
#11 D:\Wamp\www\Friday\system\CodeIgniter.php(334): CodeIgniter\CodeIgniter->handleRequest(NULL, Object(Config\Cache), false)
#12 D:\Wamp\www\Friday\public\index.php(44): CodeIgniter\CodeIgniter->run()
#13 {main}
CRITICAL - 2021-03-16 11:32:35 --> Class 'App\Models\FooterModel' not found
#0 D:\Wamp\www\Friday\system\View\View.php(220): include()
#1 D:\Wamp\www\Friday\system\View\View.php(222): CodeIgniter\View\View->CodeIgniter\View\{closure}()
#2 D:\Wamp\www\Friday\system\Common.php(1217): CodeIgniter\View\View->render('admin/defaults/...', Array, true)
#3 D:\Wamp\www\Friday\app\Views\admin\dashboard\dashboard.php(30): view('admin/defaults/...')
#4 D:\Wamp\www\Friday\system\View\View.php(220): include('D:\\Wamp\\www\\Fri...')
#5 D:\Wamp\www\Friday\system\View\View.php(222): CodeIgniter\View\View->CodeIgniter\View\{closure}()
#6 D:\Wamp\www\Friday\system\Common.php(1217): CodeIgniter\View\View->render('admin/dashboard...', Array, true)
#7 D:\Wamp\www\Friday\app\Controllers\admin\Dashboard.php(25): view('admin/dashboard...', Array)
#8 D:\Wamp\www\Friday\system\CodeIgniter.php(937): App\Controllers\Admin\Dashboard->index()
#9 D:\Wamp\www\Friday\system\CodeIgniter.php(433): CodeIgniter\CodeIgniter->runController(Object(App\Controllers\Admin\Dashboard))
#10 D:\Wamp\www\Friday\system\CodeIgniter.php(334): CodeIgniter\CodeIgniter->handleRequest(NULL, Object(Config\Cache), false)
#11 D:\Wamp\www\Friday\public\index.php(44): CodeIgniter\CodeIgniter->run()
#12 {main}
ERROR - 2021-03-16 11:38:37 --> mysqli_sql_exception: Table 'friday.orders' doesn't exist in D:\Wamp\www\Friday\system\Database\MySQLi\Connection.php:314
Stack trace:
#0 D:\Wamp\www\Friday\system\Database\MySQLi\Connection.php(314): mysqli->query('SELECT COUNT(*)...')
#1 D:\Wamp\www\Friday\system\Database\BaseConnection.php(713): CodeIgniter\Database\MySQLi\Connection->execute('SELECT COUNT(*)...')
#2 D:\Wamp\www\Friday\system\Database\BaseConnection.php(641): CodeIgniter\Database\BaseConnection->simpleQuery('SELECT COUNT(*)...')
#3 D:\Wamp\www\Friday\system\Database\BaseBuilder.php(1966): CodeIgniter\Database\BaseConnection->query('SELECT COUNT(*)...', Array, false)
#4 D:\Wamp\www\Friday\system\Model.php(570): CodeIgniter\Database\BaseBuilder->countAllResults(true)
#5 D:\Wamp\www\Friday\app\Models\OrdersModel.php(50): CodeIgniter\Model->countAllResults()
#6 D:\Wamp\www\Friday\app\Views\admin\dashboard\dashboard.php(55): App\Models\OrdersModel->Count()
#7 D:\Wamp\www\Friday\system\View\View.php(220): include('D:\\Wamp\\www\\Fri...')
#8 D:\Wamp\www\Friday\system\View\View.php(222): CodeIgniter\View\View->CodeIgniter\View\{closure}()
#9 D:\Wamp\www\Friday\system\Common.php(1217): CodeIgniter\View\View->render('admin/dashboard...', Array, true)
#10 D:\Wamp\www\Friday\app\Controllers\admin\Dashboard.php(25): view('admin/dashboard...', Array)
#11 D:\Wamp\www\Friday\system\CodeIgniter.php(937): App\Controllers\Admin\Dashboard->index()
#12 D:\Wamp\www\Friday\system\CodeIgniter.php(433): CodeIgniter\CodeIgniter->runController(Object(App\Controllers\Admin\Dashboard))
#13 D:\Wamp\www\Friday\system\CodeIgniter.php(334): CodeIgniter\CodeIgniter->handleRequest(NULL, Object(Config\Cache), false)
#14 D:\Wamp\www\Friday\public\index.php(44): CodeIgniter\CodeIgniter->run()
#15 {main}
CRITICAL - 2021-03-16 11:38:37 --> Table 'friday.orders' doesn't exist
#0 D:\Wamp\www\Friday\system\Database\MySQLi\Connection.php(314): mysqli->query('SELECT COUNT(*)...')
#1 D:\Wamp\www\Friday\system\Database\BaseConnection.php(713): CodeIgniter\Database\MySQLi\Connection->execute('SELECT COUNT(*)...')
#2 D:\Wamp\www\Friday\system\Database\BaseConnection.php(641): CodeIgniter\Database\BaseConnection->simpleQuery('SELECT COUNT(*)...')
#3 D:\Wamp\www\Friday\system\Database\BaseBuilder.php(1966): CodeIgniter\Database\BaseConnection->query('SELECT COUNT(*)...', Array, false)
#4 D:\Wamp\www\Friday\system\Model.php(570): CodeIgniter\Database\BaseBuilder->countAllResults(true)
#5 D:\Wamp\www\Friday\app\Models\OrdersModel.php(50): CodeIgniter\Model->countAllResults()
#6 D:\Wamp\www\Friday\app\Views\admin\dashboard\dashboard.php(55): App\Models\OrdersModel->Count()
#7 D:\Wamp\www\Friday\system\View\View.php(220): include('D:\\Wamp\\www\\Fri...')
#8 D:\Wamp\www\Friday\system\View\View.php(222): CodeIgniter\View\View->CodeIgniter\View\{closure}()
#9 D:\Wamp\www\Friday\system\Common.php(1217): CodeIgniter\View\View->render('admin/dashboard...', Array, true)
#10 D:\Wamp\www\Friday\app\Controllers\admin\Dashboard.php(25): view('admin/dashboard...', Array)
#11 D:\Wamp\www\Friday\system\CodeIgniter.php(937): App\Controllers\Admin\Dashboard->index()
#12 D:\Wamp\www\Friday\system\CodeIgniter.php(433): CodeIgniter\CodeIgniter->runController(Object(App\Controllers\Admin\Dashboard))
#13 D:\Wamp\www\Friday\system\CodeIgniter.php(334): CodeIgniter\CodeIgniter->handleRequest(NULL, Object(Config\Cache), false)
#14 D:\Wamp\www\Friday\public\index.php(44): CodeIgniter\CodeIgniter->run()
#15 {main}
ERROR - 2021-03-16 11:38:44 --> mysqli_sql_exception: Table 'friday.footer' doesn't exist in D:\Wamp\www\Friday\system\Database\MySQLi\Connection.php:314
Stack trace:
#0 D:\Wamp\www\Friday\system\Database\MySQLi\Connection.php(314): mysqli->query('SELECT *\nFROM `...')
#1 D:\Wamp\www\Friday\system\Database\BaseConnection.php(713): CodeIgniter\Database\MySQLi\Connection->execute('SELECT *\nFROM `...')
#2 D:\Wamp\www\Friday\system\Database\BaseConnection.php(641): CodeIgniter\Database\BaseConnection->simpleQuery('SELECT *\nFROM `...')
#3 D:\Wamp\www\Friday\system\Database\BaseBuilder.php(1866): CodeIgniter\Database\BaseConnection->query('SELECT *\nFROM `...', Array, false)
#4 D:\Wamp\www\Friday\system\Model.php(213): CodeIgniter\Database\BaseBuilder->get()
#5 D:\Wamp\www\Friday\system\BaseModel.php(583): CodeIgniter\Model->doFindAll(0, 0)
#6 D:\Wamp\www\Friday\app\Models\FooterModel.php(19): CodeIgniter\BaseModel->findAll()
#7 D:\Wamp\www\Friday\app\Views\admin\defaults\footer.php(4): App\Models\FooterModel->Getfooter('home', 'footer')
#8 D:\Wamp\www\Friday\system\View\View.php(220): include('D:\\Wamp\\www\\Fri...')
#9 D:\Wamp\www\Friday\system\View\View.php(222): CodeIgniter\View\View->CodeIgniter\View\{closure}()
#10 D:\Wamp\www\Friday\system\Common.php(1217): CodeIgniter\View\View->render('admin/defaults/...', Array, true)
#11 D:\Wamp\www\Friday\app\Views\admin\dashboard\dashboard.php(50): view('admin/defaults/...')
#12 D:\Wamp\www\Friday\system\View\View.php(220): include('D:\\Wamp\\www\\Fri...')
#13 D:\Wamp\www\Friday\system\View\View.php(222): CodeIgniter\View\View->CodeIgniter\View\{closure}()
#14 D:\Wamp\www\Friday\system\Common.php(1217): CodeIgniter\View\View->render('admin/dashboard...', Array, true)
#15 D:\Wamp\www\Friday\app\Controllers\admin\Dashboard.php(25): view('admin/dashboard...', Array)
#16 D:\Wamp\www\Friday\system\CodeIgniter.php(937): App\Controllers\Admin\Dashboard->index()
#17 D:\Wamp\www\Friday\system\CodeIgniter.php(433): CodeIgniter\CodeIgniter->runController(Object(App\Controllers\Admin\Dashboard))
#18 D:\Wamp\www\Friday\system\CodeIgniter.php(334): CodeIgniter\CodeIgniter->handleRequest(NULL, Object(Config\Cache), false)
#19 D:\Wamp\www\Friday\public\index.php(44): CodeIgniter\CodeIgniter->run()
#20 {main}
CRITICAL - 2021-03-16 11:38:44 --> Table 'friday.footer' doesn't exist
#0 D:\Wamp\www\Friday\system\Database\MySQLi\Connection.php(314): mysqli->query('SELECT *\nFROM `...')
#1 D:\Wamp\www\Friday\system\Database\BaseConnection.php(713): CodeIgniter\Database\MySQLi\Connection->execute('SELECT *\nFROM `...')
#2 D:\Wamp\www\Friday\system\Database\BaseConnection.php(641): CodeIgniter\Database\BaseConnection->simpleQuery('SELECT *\nFROM `...')
#3 D:\Wamp\www\Friday\system\Database\BaseBuilder.php(1866): CodeIgniter\Database\BaseConnection->query('SELECT *\nFROM `...', Array, false)
#4 D:\Wamp\www\Friday\system\Model.php(213): CodeIgniter\Database\BaseBuilder->get()
#5 D:\Wamp\www\Friday\system\BaseModel.php(583): CodeIgniter\Model->doFindAll(0, 0)
#6 D:\Wamp\www\Friday\app\Models\FooterModel.php(19): CodeIgniter\BaseModel->findAll()
#7 D:\Wamp\www\Friday\app\Views\admin\defaults\footer.php(4): App\Models\FooterModel->Getfooter('home', 'footer')
#8 D:\Wamp\www\Friday\system\View\View.php(220): include('D:\\Wamp\\www\\Fri...')
#9 D:\Wamp\www\Friday\system\View\View.php(222): CodeIgniter\View\View->CodeIgniter\View\{closure}()
#10 D:\Wamp\www\Friday\system\Common.php(1217): CodeIgniter\View\View->render('admin/defaults/...', Array, true)
#11 D:\Wamp\www\Friday\app\Views\admin\dashboard\dashboard.php(50): view('admin/defaults/...')
#12 D:\Wamp\www\Friday\system\View\View.php(220): include('D:\\Wamp\\www\\Fri...')
#13 D:\Wamp\www\Friday\system\View\View.php(222): CodeIgniter\View\View->CodeIgniter\View\{closure}()
#14 D:\Wamp\www\Friday\system\Common.php(1217): CodeIgniter\View\View->render('admin/dashboard...', Array, true)
#15 D:\Wamp\www\Friday\app\Controllers\admin\Dashboard.php(25): view('admin/dashboard...', Array)
#16 D:\Wamp\www\Friday\system\CodeIgniter.php(937): App\Controllers\Admin\Dashboard->index()
#17 D:\Wamp\www\Friday\system\CodeIgniter.php(433): CodeIgniter\CodeIgniter->runController(Object(App\Controllers\Admin\Dashboard))
#18 D:\Wamp\www\Friday\system\CodeIgniter.php(334): CodeIgniter\CodeIgniter->handleRequest(NULL, Object(Config\Cache), false)
#19 D:\Wamp\www\Friday\public\index.php(44): CodeIgniter\CodeIgniter->run()
#20 {main}
CRITICAL - 2021-03-16 11:47:19 --> Call to undefined function sys_getloadavg()
#0 D:\Wamp\www\Friday\system\View\View.php(220): include()
#1 D:\Wamp\www\Friday\system\View\View.php(222): CodeIgniter\View\View->CodeIgniter\View\{closure}()
#2 D:\Wamp\www\Friday\system\Common.php(1217): CodeIgniter\View\View->render('admin/dashboard...', Array, true)
#3 D:\Wamp\www\Friday\app\Controllers\admin\Dashboard.php(25): view('admin/dashboard...', Array)
#4 D:\Wamp\www\Friday\system\CodeIgniter.php(937): App\Controllers\Admin\Dashboard->index()
#5 D:\Wamp\www\Friday\system\CodeIgniter.php(433): CodeIgniter\CodeIgniter->runController(Object(App\Controllers\Admin\Dashboard))
#6 D:\Wamp\www\Friday\system\CodeIgniter.php(334): CodeIgniter\CodeIgniter->handleRequest(NULL, Object(Config\Cache), false)
#7 D:\Wamp\www\Friday\public\index.php(44): CodeIgniter\CodeIgniter->run()
#8 {main}
CRITICAL - 2021-03-16 11:47:48 --> Undefined offset: 1
#0 D:\Wamp\www\Friday\app\Views\admin\dashboard\dashboard.php(48): CodeIgniter\Debug\Exceptions->errorHandler(8, 'Undefined offse...', 'D:\\Wamp\\www\\Fri...', 48, Array)
#1 D:\Wamp\www\Friday\system\View\View.php(220): include('D:\\Wamp\\www\\Fri...')
#2 D:\Wamp\www\Friday\system\View\View.php(222): CodeIgniter\View\View->CodeIgniter\View\{closure}()
#3 D:\Wamp\www\Friday\system\Common.php(1217): CodeIgniter\View\View->render('admin/dashboard...', Array, true)
#4 D:\Wamp\www\Friday\app\Controllers\admin\Dashboard.php(25): view('admin/dashboard...', Array)
#5 D:\Wamp\www\Friday\system\CodeIgniter.php(937): App\Controllers\Admin\Dashboard->index()
#6 D:\Wamp\www\Friday\system\CodeIgniter.php(433): CodeIgniter\CodeIgniter->runController(Object(App\Controllers\Admin\Dashboard))
#7 D:\Wamp\www\Friday\system\CodeIgniter.php(334): CodeIgniter\CodeIgniter->handleRequest(NULL, Object(Config\Cache), false)
#8 D:\Wamp\www\Friday\public\index.php(44): CodeIgniter\CodeIgniter->run()
#9 {main}
CRITICAL - 2021-03-16 11:55:10 --> Undefined variable: cpuload
#0 D:\Wamp\www\Friday\app\Controllers\admin\Dashboard.php(25): CodeIgniter\Debug\Exceptions->errorHandler(8, 'Undefined varia...', 'D:\\Wamp\\www\\Fri...', 25, Array)
#1 D:\Wamp\www\Friday\system\CodeIgniter.php(937): App\Controllers\Admin\Dashboard->index()
#2 D:\Wamp\www\Friday\system\CodeIgniter.php(433): CodeIgniter\CodeIgniter->runController(Object(App\Controllers\Admin\Dashboard))
#3 D:\Wamp\www\Friday\system\CodeIgniter.php(334): CodeIgniter\CodeIgniter->handleRequest(NULL, Object(Config\Cache), false)
#4 D:\Wamp\www\Friday\public\index.php(44): CodeIgniter\CodeIgniter->run()
#5 {main}
CRITICAL - 2021-03-16 12:01:27 --> Class 'App\Controllers\Admin\COM' not found
#0 D:\Wamp\www\Friday\app\Controllers\admin\Dashboard.php(25): App\Controllers\Admin\Dashboard->GetCPU('cpuload')
#1 D:\Wamp\www\Friday\system\CodeIgniter.php(937): App\Controllers\Admin\Dashboard->index()
#2 D:\Wamp\www\Friday\system\CodeIgniter.php(433): CodeIgniter\CodeIgniter->runController(Object(App\Controllers\Admin\Dashboard))
#3 D:\Wamp\www\Friday\system\CodeIgniter.php(334): CodeIgniter\CodeIgniter->handleRequest(NULL, Object(Config\Cache), false)
#4 D:\Wamp\www\Friday\public\index.php(44): CodeIgniter\CodeIgniter->run()
#5 {main}
CRITICAL - 2021-03-16 12:02:16 --> Class 'App\Controllers\Admin\COM' not found
#0 D:\Wamp\www\Friday\app\Controllers\admin\Dashboard.php(25): App\Controllers\Admin\Dashboard->GetCPU('cpuload')
#1 D:\Wamp\www\Friday\system\CodeIgniter.php(937): App\Controllers\Admin\Dashboard->index()
#2 D:\Wamp\www\Friday\system\CodeIgniter.php(433): CodeIgniter\CodeIgniter->runController(Object(App\Controllers\Admin\Dashboard))
#3 D:\Wamp\www\Friday\system\CodeIgniter.php(334): CodeIgniter\CodeIgniter->handleRequest(NULL, Object(Config\Cache), false)
#4 D:\Wamp\www\Friday\public\index.php(44): CodeIgniter\CodeIgniter->run()
#5 {main}
CRITICAL - 2021-03-16 12:02:21 --> Class 'App\Controllers\Admin\COM' not found
#0 D:\Wamp\www\Friday\app\Controllers\admin\Dashboard.php(25): App\Controllers\Admin\Dashboard->GetCPU('cpuload')
#1 D:\Wamp\www\Friday\system\CodeIgniter.php(937): App\Controllers\Admin\Dashboard->index()
#2 D:\Wamp\www\Friday\system\CodeIgniter.php(433): CodeIgniter\CodeIgniter->runController(Object(App\Controllers\Admin\Dashboard))
#3 D:\Wamp\www\Friday\system\CodeIgniter.php(334): CodeIgniter\CodeIgniter->handleRequest(NULL, Object(Config\Cache), false)
#4 D:\Wamp\www\Friday\public\index.php(44): CodeIgniter\CodeIgniter->run()
#5 {main}
CRITICAL - 2021-03-16 12:02:46 --> Class 'App\Controllers\Admin\COM' not found
#0 D:\Wamp\www\Friday\app\Controllers\admin\Dashboard.php(25): App\Controllers\Admin\Dashboard->GetCPU('cpuload')
#1 D:\Wamp\www\Friday\system\CodeIgniter.php(937): App\Controllers\Admin\Dashboard->index()
#2 D:\Wamp\www\Friday\system\CodeIgniter.php(433): CodeIgniter\CodeIgniter->runController(Object(App\Controllers\Admin\Dashboard))
#3 D:\Wamp\www\Friday\system\CodeIgniter.php(334): CodeIgniter\CodeIgniter->handleRequest(NULL, Object(Config\Cache), false)
#4 D:\Wamp\www\Friday\public\index.php(44): CodeIgniter\CodeIgniter->run()
#5 {main}
CRITICAL - 2021-03-16 12:05:51 --> syntax error, unexpected '"winmgmts: \\\\. \\ root \ cim' (T_CONSTANT_ENCAPSED_STRING), expecting identifier (T_STRING)
#0 D:\Wamp\www\Friday\system\Router\Router.php(170): CodeIgniter\Router\Router->autoRoute('admin/dashboard')
#1 D:\Wamp\www\Friday\system\CodeIgniter.php(817): CodeIgniter\Router\Router->handle('admin/dashboard')
#2 D:\Wamp\www\Friday\system\CodeIgniter.php(386): CodeIgniter\CodeIgniter->tryToRouteIt(Object(CodeIgniter\Router\RouteCollection))
#3 D:\Wamp\www\Friday\system\CodeIgniter.php(334): CodeIgniter\CodeIgniter->handleRequest(NULL, Object(Config\Cache), false)
#4 D:\Wamp\www\Friday\public\index.php(44): CodeIgniter\CodeIgniter->run()
#5 {main}
CRITICAL - 2021-03-16 12:09:46 --> Class 'App\Controllers\Admin\COM' not found
#0 D:\Wamp\www\Friday\app\Controllers\admin\Dashboard.php(25): App\Controllers\Admin\Dashboard->GetCPU('cpuload')
#1 D:\Wamp\www\Friday\system\CodeIgniter.php(937): App\Controllers\Admin\Dashboard->index()
#2 D:\Wamp\www\Friday\system\CodeIgniter.php(433): CodeIgniter\CodeIgniter->runController(Object(App\Controllers\Admin\Dashboard))
#3 D:\Wamp\www\Friday\system\CodeIgniter.php(334): CodeIgniter\CodeIgniter->handleRequest(NULL, Object(Config\Cache), false)
#4 D:\Wamp\www\Friday\public\index.php(44): CodeIgniter\CodeIgniter->run()
#5 {main}
CRITICAL - 2021-03-16 12:13:41 --> Undefined variable: memavailable
#0 D:\Wamp\www\Friday\app\Controllers\admin\Dashboard.php(77): CodeIgniter\Debug\Exceptions->errorHandler(8, 'Undefined varia...', 'D:\\Wamp\\www\\Fri...', 77, Array)
#1 D:\Wamp\www\Friday\app\Controllers\admin\Dashboard.php(25): App\Controllers\Admin\Dashboard->GetCPU('cpuload')
#2 D:\Wamp\www\Friday\system\CodeIgniter.php(937): App\Controllers\Admin\Dashboard->index()
#3 D:\Wamp\www\Friday\system\CodeIgniter.php(433): CodeIgniter\CodeIgniter->runController(Object(App\Controllers\Admin\Dashboard))
#4 D:\Wamp\www\Friday\system\CodeIgniter.php(334): CodeIgniter\CodeIgniter->handleRequest(NULL, Object(Config\Cache), false)
#5 D:\Wamp\www\Friday\public\index.php(44): CodeIgniter\CodeIgniter->run()
#6 {main}
CRITICAL - 2021-03-16 12:14:18 --> Undefined variable: wmi
#0 D:\Wamp\www\Friday\app\Controllers\admin\Dashboard.php(47): CodeIgniter\Debug\Exceptions->errorHandler(8, 'Undefined varia...', 'D:\\Wamp\\www\\Fri...', 47, Array)
#1 D:\Wamp\www\Friday\app\Controllers\admin\Dashboard.php(25): App\Controllers\Admin\Dashboard->GetCPU('memusage')
#2 D:\Wamp\www\Friday\system\CodeIgniter.php(937): App\Controllers\Admin\Dashboard->index()
#3 D:\Wamp\www\Friday\system\CodeIgniter.php(433): CodeIgniter\CodeIgniter->runController(Object(App\Controllers\Admin\Dashboard))
#4 D:\Wamp\www\Friday\system\CodeIgniter.php(334): CodeIgniter\CodeIgniter->handleRequest(NULL, Object(Config\Cache), false)
#5 D:\Wamp\www\Friday\public\index.php(44): CodeIgniter\CodeIgniter->run()
#6 {main}
CRITICAL - 2021-03-16 12:21:26 --> syntax error, unexpected 'return' (T_RETURN)
#0 D:\Wamp\www\Friday\system\Router\Router.php(170): CodeIgniter\Router\Router->autoRoute('admin/dashboard')
#1 D:\Wamp\www\Friday\system\CodeIgniter.php(817): CodeIgniter\Router\Router->handle('admin/dashboard')
#2 D:\Wamp\www\Friday\system\CodeIgniter.php(386): CodeIgniter\CodeIgniter->tryToRouteIt(Object(CodeIgniter\Router\RouteCollection))
#3 D:\Wamp\www\Friday\system\CodeIgniter.php(334): CodeIgniter\CodeIgniter->handleRequest(NULL, Object(Config\Cache), false)
#4 D:\Wamp\www\Friday\public\index.php(44): CodeIgniter\CodeIgniter->run()
#5 {main}
CRITICAL - 2021-03-16 12:21:36 --> Call to undefined function App\Controllers\Admin\getSystemMemoryInfo()
#0 D:\Wamp\www\Friday\system\CodeIgniter.php(937): App\Controllers\Admin\Dashboard->index()
#1 D:\Wamp\www\Friday\system\CodeIgniter.php(433): CodeIgniter\CodeIgniter->runController(Object(App\Controllers\Admin\Dashboard))
#2 D:\Wamp\www\Friday\system\CodeIgniter.php(334): CodeIgniter\CodeIgniter->handleRequest(NULL, Object(Config\Cache), false)
#3 D:\Wamp\www\Friday\public\index.php(44): CodeIgniter\CodeIgniter->run()
#4 {main}
CRITICAL - 2021-03-16 12:22:29 --> Call to undefined function App\Controllers\Admin\sys_getloadavg()
#0 D:\Wamp\www\Friday\system\CodeIgniter.php(937): App\Controllers\Admin\Dashboard->index()
#1 D:\Wamp\www\Friday\system\CodeIgniter.php(433): CodeIgniter\CodeIgniter->runController(Object(App\Controllers\Admin\Dashboard))
#2 D:\Wamp\www\Friday\system\CodeIgniter.php(334): CodeIgniter\CodeIgniter->handleRequest(NULL, Object(Config\Cache), false)
#3 D:\Wamp\www\Friday\public\index.php(44): CodeIgniter\CodeIgniter->run()
#4 {main}
CRITICAL - 2021-03-16 12:23:28 --> syntax error, unexpected end of file, expecting function (T_FUNCTION) or const (T_CONST)
#0 D:\Wamp\www\Friday\system\Router\Router.php(170): CodeIgniter\Router\Router->autoRoute('admin/dashboard')
#1 D:\Wamp\www\Friday\system\CodeIgniter.php(817): CodeIgniter\Router\Router->handle('admin/dashboard')
#2 D:\Wamp\www\Friday\system\CodeIgniter.php(386): CodeIgniter\CodeIgniter->tryToRouteIt(Object(CodeIgniter\Router\RouteCollection))
#3 D:\Wamp\www\Friday\system\CodeIgniter.php(334): CodeIgniter\CodeIgniter->handleRequest(NULL, Object(Config\Cache), false)
#4 D:\Wamp\www\Friday\public\index.php(44): CodeIgniter\CodeIgniter->run()
#5 {main}
CRITICAL - 2021-03-16 12:29:07 --> A non well formed numeric value encountered
#0 D:\Wamp\www\Friday\app\Controllers\admin\Dashboard.php(40): CodeIgniter\Debug\Exceptions->errorHandler(8, 'A non well form...', 'D:\\Wamp\\www\\Fri...', 40, Array)
#1 D:\Wamp\www\Friday\app\Controllers\admin\Dashboard.php(25): App\Controllers\Admin\Dashboard->GetCPU('memusage')
#2 D:\Wamp\www\Friday\system\CodeIgniter.php(937): App\Controllers\Admin\Dashboard->index()
#3 D:\Wamp\www\Friday\system\CodeIgniter.php(433): CodeIgniter\CodeIgniter->runController(Object(App\Controllers\Admin\Dashboard))
#4 D:\Wamp\www\Friday\system\CodeIgniter.php(334): CodeIgniter\CodeIgniter->handleRequest(NULL, Object(Config\Cache), false)
#5 D:\Wamp\www\Friday\public\index.php(44): CodeIgniter\CodeIgniter->run()
#6 {main}
CRITICAL - 2021-03-16 12:29:28 --> A non well formed numeric value encountered
#0 D:\Wamp\www\Friday\app\Controllers\admin\Dashboard.php(40): CodeIgniter\Debug\Exceptions->errorHandler(8, 'A non well form...', 'D:\\Wamp\\www\\Fri...', 40, Array)
#1 D:\Wamp\www\Friday\app\Controllers\admin\Dashboard.php(25): App\Controllers\Admin\Dashboard->GetCPU('memusage')
#2 D:\Wamp\www\Friday\system\CodeIgniter.php(937): App\Controllers\Admin\Dashboard->index()
#3 D:\Wamp\www\Friday\system\CodeIgniter.php(433): CodeIgniter\CodeIgniter->runController(Object(App\Controllers\Admin\Dashboard))
#4 D:\Wamp\www\Friday\system\CodeIgniter.php(334): CodeIgniter\CodeIgniter->handleRequest(NULL, Object(Config\Cache), false)
#5 D:\Wamp\www\Friday\public\index.php(44): CodeIgniter\CodeIgniter->run()
#6 {main}
CRITICAL - 2021-03-16 12:37:22 --> Undefined variable: memory_get_usage
#0 D:\Wamp\www\Friday\app\Controllers\admin\Dashboard.php(40): CodeIgniter\Debug\Exceptions->errorHandler(8, 'Undefined varia...', 'D:\\Wamp\\www\\Fri...', 40, Array)
#1 D:\Wamp\www\Friday\app\Controllers\admin\Dashboard.php(25): App\Controllers\Admin\Dashboard->GetCPU('memusage')
#2 D:\Wamp\www\Friday\system\CodeIgniter.php(937): App\Controllers\Admin\Dashboard->index()
#3 D:\Wamp\www\Friday\system\CodeIgniter.php(433): CodeIgniter\CodeIgniter->runController(Object(App\Controllers\Admin\Dashboard))
#4 D:\Wamp\www\Friday\system\CodeIgniter.php(334): CodeIgniter\CodeIgniter->handleRequest(NULL, Object(Config\Cache), false)
#5 D:\Wamp\www\Friday\public\index.php(44): CodeIgniter\CodeIgniter->run()
#6 {main}
CRITICAL - 2021-03-16 12:49:12 --> Undefined variable: memory
#0 D:\Wamp\www\Friday\app\Controllers\admin\Dashboard.php(51): CodeIgniter\Debug\Exceptions->errorHandler(8, 'Undefined varia...', 'D:\\Wamp\\www\\Fri...', 51, Array)
#1 D:\Wamp\www\Friday\app\Controllers\admin\Dashboard.php(25): App\Controllers\Admin\Dashboard->GetCPU('memusage')
#2 D:\Wamp\www\Friday\system\CodeIgniter.php(937): App\Controllers\Admin\Dashboard->index()
#3 D:\Wamp\www\Friday\system\CodeIgniter.php(433): CodeIgniter\CodeIgniter->runController(Object(App\Controllers\Admin\Dashboard))
#4 D:\Wamp\www\Friday\system\CodeIgniter.php(334): CodeIgniter\CodeIgniter->handleRequest(NULL, Object(Config\Cache), false)
#5 D:\Wamp\www\Friday\public\index.php(44): CodeIgniter\CodeIgniter->run()
#6 {main}
CRITICAL - 2021-03-16 12:49:39 --> Undefined variable: memory
#0 D:\Wamp\www\Friday\app\Controllers\admin\Dashboard.php(51): CodeIgniter\Debug\Exceptions->errorHandler(8, 'Undefined varia...', 'D:\\Wamp\\www\\Fri...', 51, Array)
#1 D:\Wamp\www\Friday\app\Controllers\admin\Dashboard.php(25): App\Controllers\Admin\Dashboard->GetCPU('memusage')
#2 D:\Wamp\www\Friday\system\CodeIgniter.php(937): App\Controllers\Admin\Dashboard->index()
#3 D:\Wamp\www\Friday\system\CodeIgniter.php(433): CodeIgniter\CodeIgniter->runController(Object(App\Controllers\Admin\Dashboard))
#4 D:\Wamp\www\Friday\system\CodeIgniter.php(334): CodeIgniter\CodeIgniter->handleRequest(NULL, Object(Config\Cache), false)
#5 D:\Wamp\www\Friday\public\index.php(44): CodeIgniter\CodeIgniter->run()
#6 {main}
CRITICAL - 2021-03-16 12:49:58 --> Undefined variable: data
#0 D:\Wamp\www\Friday\app\Controllers\admin\Dashboard.php(53): CodeIgniter\Debug\Exceptions->errorHandler(8, 'Undefined varia...', 'D:\\Wamp\\www\\Fri...', 53, Array)
#1 D:\Wamp\www\Friday\app\Controllers\admin\Dashboard.php(25): App\Controllers\Admin\Dashboard->GetCPU('memusage')
#2 D:\Wamp\www\Friday\system\CodeIgniter.php(937): App\Controllers\Admin\Dashboard->index()
#3 D:\Wamp\www\Friday\system\CodeIgniter.php(433): CodeIgniter\CodeIgniter->runController(Object(App\Controllers\Admin\Dashboard))
#4 D:\Wamp\www\Friday\system\CodeIgniter.php(334): CodeIgniter\CodeIgniter->handleRequest(NULL, Object(Config\Cache), false)
#5 D:\Wamp\www\Friday\public\index.php(44): CodeIgniter\CodeIgniter->run()
#6 {main}
CRITICAL - 2021-03-16 12:50:37 --> Array to string conversion
#0 D:\Wamp\www\Friday\app\Controllers\admin\Dashboard.php(43): CodeIgniter\Debug\Exceptions->errorHandler(8, 'Array to string...', 'D:\\Wamp\\www\\Fri...', 43, Array)
#1 D:\Wamp\www\Friday\app\Controllers\admin\Dashboard.php(25): App\Controllers\Admin\Dashboard->GetCPU('memusage')
#2 D:\Wamp\www\Friday\system\CodeIgniter.php(937): App\Controllers\Admin\Dashboard->index()
#3 D:\Wamp\www\Friday\system\CodeIgniter.php(433): CodeIgniter\CodeIgniter->runController(Object(App\Controllers\Admin\Dashboard))
#4 D:\Wamp\www\Friday\system\CodeIgniter.php(334): CodeIgniter\CodeIgniter->handleRequest(NULL, Object(Config\Cache), false)
#5 D:\Wamp\www\Friday\public\index.php(44): CodeIgniter\CodeIgniter->run()
#6 {main}
CRITICAL - 2021-03-16 12:50:55 --> Array to string conversion
#0 D:\Wamp\www\Friday\app\Controllers\admin\Dashboard.php(43): CodeIgniter\Debug\Exceptions->errorHandler(8, 'Array to string...', 'D:\\Wamp\\www\\Fri...', 43, Array)
#1 D:\Wamp\www\Friday\app\Controllers\admin\Dashboard.php(25): App\Controllers\Admin\Dashboard->GetCPU('memusage')
#2 D:\Wamp\www\Friday\system\CodeIgniter.php(937): App\Controllers\Admin\Dashboard->index()
#3 D:\Wamp\www\Friday\system\CodeIgniter.php(433): CodeIgniter\CodeIgniter->runController(Object(App\Controllers\Admin\Dashboard))
#4 D:\Wamp\www\Friday\system\CodeIgniter.php(334): CodeIgniter\CodeIgniter->handleRequest(NULL, Object(Config\Cache), false)
#5 D:\Wamp\www\Friday\public\index.php(44): CodeIgniter\CodeIgniter->run()
#6 {main}
CRITICAL - 2021-03-16 12:51:58 --> preg_match() expects parameter 2 to be string, array given
#0 [internal function]: CodeIgniter\Debug\Exceptions->errorHandler(2, 'preg_match() ex...', 'D:\\Wamp\\www\\Fri...', 40, Array)
#1 D:\Wamp\www\Friday\app\Controllers\admin\Dashboard.php(40): preg_match('|In Use:\\:([^$]...', Array, NULL)
#2 D:\Wamp\www\Friday\app\Controllers\admin\Dashboard.php(25): App\Controllers\Admin\Dashboard->GetCPU('memusage')
#3 D:\Wamp\www\Friday\system\CodeIgniter.php(937): App\Controllers\Admin\Dashboard->index()
#4 D:\Wamp\www\Friday\system\CodeIgniter.php(433): CodeIgniter\CodeIgniter->runController(Object(App\Controllers\Admin\Dashboard))
#5 D:\Wamp\www\Friday\system\CodeIgniter.php(334): CodeIgniter\CodeIgniter->handleRequest(NULL, Object(Config\Cache), false)
#6 D:\Wamp\www\Friday\public\index.php(44): CodeIgniter\CodeIgniter->run()
#7 {main}
CRITICAL - 2021-03-16 13:00:21 --> Array to string conversion
#0 D:\Wamp\www\Friday\app\Controllers\admin\Dashboard.php(62): CodeIgniter\Debug\Exceptions->errorHandler(8, 'Array to string...', 'D:\\Wamp\\www\\Fri...', 62, Array)
#1 D:\Wamp\www\Friday\app\Controllers\admin\Dashboard.php(25): App\Controllers\Admin\Dashboard->GetCPU('memusage')
#2 D:\Wamp\www\Friday\system\CodeIgniter.php(937): App\Controllers\Admin\Dashboard->index()
#3 D:\Wamp\www\Friday\system\CodeIgniter.php(433): CodeIgniter\CodeIgniter->runController(Object(App\Controllers\Admin\Dashboard))
#4 D:\Wamp\www\Friday\system\CodeIgniter.php(334): CodeIgniter\CodeIgniter->handleRequest(NULL, Object(Config\Cache), false)
#5 D:\Wamp\www\Friday\public\index.php(44): CodeIgniter\CodeIgniter->run()
#6 {main}
CRITICAL - 2021-03-16 13:00:44 --> Undefined offset: 1
#0 D:\Wamp\www\Friday\app\Controllers\admin\Dashboard.php(55): CodeIgniter\Debug\Exceptions->errorHandler(8, 'Undefined offse...', 'D:\\Wamp\\www\\Fri...', 55, Array)
#1 D:\Wamp\www\Friday\app\Controllers\admin\Dashboard.php(25): App\Controllers\Admin\Dashboard->GetCPU('memusage')
#2 D:\Wamp\www\Friday\system\CodeIgniter.php(937): App\Controllers\Admin\Dashboard->index()
#3 D:\Wamp\www\Friday\system\CodeIgniter.php(433): CodeIgniter\CodeIgniter->runController(Object(App\Controllers\Admin\Dashboard))
#4 D:\Wamp\www\Friday\system\CodeIgniter.php(334): CodeIgniter\CodeIgniter->handleRequest(NULL, Object(Config\Cache), false)
#5 D:\Wamp\www\Friday\public\index.php(44): CodeIgniter\CodeIgniter->run()
#6 {main}
CRITICAL - 2021-03-16 13:01:00 --> Array to string conversion
#0 D:\Wamp\www\Friday\app\Controllers\admin\Dashboard.php(62): CodeIgniter\Debug\Exceptions->errorHandler(8, 'Array to string...', 'D:\\Wamp\\www\\Fri...', 62, Array)
#1 D:\Wamp\www\Friday\app\Controllers\admin\Dashboard.php(25): App\Controllers\Admin\Dashboard->GetCPU('memusage')
#2 D:\Wamp\www\Friday\system\CodeIgniter.php(937): App\Controllers\Admin\Dashboard->index()
#3 D:\Wamp\www\Friday\system\CodeIgniter.php(433): CodeIgniter\CodeIgniter->runController(Object(App\Controllers\Admin\Dashboard))
#4 D:\Wamp\www\Friday\system\CodeIgniter.php(334): CodeIgniter\CodeIgniter->handleRequest(NULL, Object(Config\Cache), false)
#5 D:\Wamp\www\Friday\public\index.php(44): CodeIgniter\CodeIgniter->run()
#6 {main}
CRITICAL - 2021-03-16 13:08:21 --> disk_free_space() expects exactly 1 parameter, 0 given
#0 [internal function]: CodeIgniter\Debug\Exceptions->errorHandler(2, 'disk_free_space...', 'D:\\Wamp\\www\\Fri...', 74, Array)
#1 D:\Wamp\www\Friday\app\Controllers\admin\Dashboard.php(74): disk_free_space()
#2 D:\Wamp\www\Friday\app\Controllers\admin\Dashboard.php(25): App\Controllers\Admin\Dashboard->GetCPU('memusage')
#3 D:\Wamp\www\Friday\system\CodeIgniter.php(937): App\Controllers\Admin\Dashboard->index()
#4 D:\Wamp\www\Friday\system\CodeIgniter.php(433): CodeIgniter\CodeIgniter->runController(Object(App\Controllers\Admin\Dashboard))
#5 D:\Wamp\www\Friday\system\CodeIgniter.php(334): CodeIgniter\CodeIgniter->handleRequest(NULL, Object(Config\Cache), false)
#6 D:\Wamp\www\Friday\public\index.php(44): CodeIgniter\CodeIgniter->run()
#7 {main}
CRITICAL - 2021-03-16 13:19:40 --> syntax error, unexpected 'sprintf' (T_STRING)
#0 D:\Wamp\www\Friday\system\Router\Router.php(170): CodeIgniter\Router\Router->autoRoute('admin/dashboard')
#1 D:\Wamp\www\Friday\system\CodeIgniter.php(817): CodeIgniter\Router\Router->handle('admin/dashboard')
#2 D:\Wamp\www\Friday\system\CodeIgniter.php(386): CodeIgniter\CodeIgniter->tryToRouteIt(Object(CodeIgniter\Router\RouteCollection))
#3 D:\Wamp\www\Friday\system\CodeIgniter.php(334): CodeIgniter\CodeIgniter->handleRequest(NULL, Object(Config\Cache), false)
#4 D:\Wamp\www\Friday\public\index.php(44): CodeIgniter\CodeIgniter->run()
#5 {main}
CRITICAL - 2021-03-16 13:22:02 --> Undefined variable: sysinfo
#0 D:\Wamp\www\Friday\app\Views\admin\dashboard\dashboard.php(45): CodeIgniter\Debug\Exceptions->errorHandler(8, 'Undefined varia...', 'D:\\Wamp\\www\\Fri...', 45, Array)
#1 D:\Wamp\www\Friday\system\View\View.php(220): include('D:\\Wamp\\www\\Fri...')
#2 D:\Wamp\www\Friday\system\View\View.php(222): CodeIgniter\View\View->CodeIgniter\View\{closure}()
#3 D:\Wamp\www\Friday\system\Common.php(1217): CodeIgniter\View\View->render('admin/dashboard...', Array, true)
#4 D:\Wamp\www\Friday\app\Controllers\admin\Dashboard.php(26): view('admin/dashboard...', Array)
#5 D:\Wamp\www\Friday\system\CodeIgniter.php(937): App\Controllers\Admin\Dashboard->index()
#6 D:\Wamp\www\Friday\system\CodeIgniter.php(433): CodeIgniter\CodeIgniter->runController(Object(App\Controllers\Admin\Dashboard))
#7 D:\Wamp\www\Friday\system\CodeIgniter.php(334): CodeIgniter\CodeIgniter->handleRequest(NULL, Object(Config\Cache), false)
#8 D:\Wamp\www\Friday\public\index.php(44): CodeIgniter\CodeIgniter->run()
#9 {main}
CRITICAL - 2021-03-16 14:06:59 --> Undefined variable: cpuUsage
#0 D:\Wamp\www\Friday\app\Views\admin\dashboard\dashboard.php(53): CodeIgniter\Debug\Exceptions->errorHandler(8, 'Undefined varia...', 'D:\\Wamp\\www\\Fri...', 53, Array)
#1 D:\Wamp\www\Friday\system\View\View.php(220): include('D:\\Wamp\\www\\Fri...')
#2 D:\Wamp\www\Friday\system\View\View.php(222): CodeIgniter\View\View->CodeIgniter\View\{closure}()
#3 D:\Wamp\www\Friday\system\Common.php(1217): CodeIgniter\View\View->render('admin/dashboard...', Array, true)
#4 D:\Wamp\www\Friday\app\Controllers\admin\Dashboard.php(26): view('admin/dashboard...', Array)
#5 D:\Wamp\www\Friday\system\CodeIgniter.php(937): App\Controllers\Admin\Dashboard->index()
#6 D:\Wamp\www\Friday\system\CodeIgniter.php(433): CodeIgniter\CodeIgniter->runController(Object(App\Controllers\Admin\Dashboard))
#7 D:\Wamp\www\Friday\system\CodeIgniter.php(334): CodeIgniter\CodeIgniter->handleRequest(NULL, Object(Config\Cache), false)
#8 D:\Wamp\www\Friday\public\index.php(44): CodeIgniter\CodeIgniter->run()
#9 {main}
CRITICAL - 2021-03-16 14:07:14 --> Array to string conversion
#0 D:\Wamp\www\Friday\app\Views\admin\dashboard\dashboard.php(53): CodeIgniter\Debug\Exceptions->errorHandler(8, 'Array to string...', 'D:\\Wamp\\www\\Fri...', 53, Array)
#1 D:\Wamp\www\Friday\system\View\View.php(220): include('D:\\Wamp\\www\\Fri...')
#2 D:\Wamp\www\Friday\system\View\View.php(222): CodeIgniter\View\View->CodeIgniter\View\{closure}()
#3 D:\Wamp\www\Friday\system\Common.php(1217): CodeIgniter\View\View->render('admin/dashboard...', Array, true)
#4 D:\Wamp\www\Friday\app\Controllers\admin\Dashboard.php(26): view('admin/dashboard...', Array)
#5 D:\Wamp\www\Friday\system\CodeIgniter.php(937): App\Controllers\Admin\Dashboard->index()
#6 D:\Wamp\www\Friday\system\CodeIgniter.php(433): CodeIgniter\CodeIgniter->runController(Object(App\Controllers\Admin\Dashboard))
#7 D:\Wamp\www\Friday\system\CodeIgniter.php(334): CodeIgniter\CodeIgniter->handleRequest(NULL, Object(Config\Cache), false)
#8 D:\Wamp\www\Friday\public\index.php(44): CodeIgniter\CodeIgniter->run()
#9 {main}
CRITICAL - 2021-03-16 14:11:40 --> Undefined variable: cpuload
#0 D:\Wamp\www\Friday\app\Controllers\admin\Dashboard.php(86): CodeIgniter\Debug\Exceptions->errorHandler(8, 'Undefined varia...', 'D:\\Wamp\\www\\Fri...', 86, Array)
#1 D:\Wamp\www\Friday\app\Controllers\admin\Dashboard.php(25): App\Controllers\Admin\Dashboard->GetCPU('memusage')
#2 D:\Wamp\www\Friday\system\CodeIgniter.php(937): App\Controllers\Admin\Dashboard->index()
#3 D:\Wamp\www\Friday\system\CodeIgniter.php(433): CodeIgniter\CodeIgniter->runController(Object(App\Controllers\Admin\Dashboard))
#4 D:\Wamp\www\Friday\system\CodeIgniter.php(334): CodeIgniter\CodeIgniter->handleRequest(NULL, Object(Config\Cache), false)
#5 D:\Wamp\www\Friday\public\index.php(44): CodeIgniter\CodeIgniter->run()
#6 {main}
CRITICAL - 2021-03-16 15:16:20 --> A non well formed numeric value encountered
#0 D:\Wamp\www\Friday\app\Views\admin\dashboard\dashboard.php(105): CodeIgniter\Debug\Exceptions->errorHandler(8, 'A non well form...', 'D:\\Wamp\\www\\Fri...', 105, Array)
#1 D:\Wamp\www\Friday\system\View\View.php(220): include('D:\\Wamp\\www\\Fri...')
#2 D:\Wamp\www\Friday\system\View\View.php(222): CodeIgniter\View\View->CodeIgniter\View\{closure}()
#3 D:\Wamp\www\Friday\system\Common.php(1217): CodeIgniter\View\View->render('admin/dashboard...', Array, true)
#4 D:\Wamp\www\Friday\app\Controllers\admin\Dashboard.php(26): view('admin/dashboard...', Array)
#5 D:\Wamp\www\Friday\system\CodeIgniter.php(937): App\Controllers\Admin\Dashboard->index()
#6 D:\Wamp\www\Friday\system\CodeIgniter.php(433): CodeIgniter\CodeIgniter->runController(Object(App\Controllers\Admin\Dashboard))
#7 D:\Wamp\www\Friday\system\CodeIgniter.php(334): CodeIgniter\CodeIgniter->handleRequest(NULL, Object(Config\Cache), false)
#8 D:\Wamp\www\Friday\public\index.php(44): CodeIgniter\CodeIgniter->run()
#9 {main}
CRITICAL - 2021-03-16 15:50:57 --> syntax error, unexpected 'require' (T_REQUIRE)
#0 D:\Wamp\www\Friday\system\Router\Router.php(170): CodeIgniter\Router\Router->autoRoute('admin/dashboard')
#1 D:\Wamp\www\Friday\system\CodeIgniter.php(817): CodeIgniter\Router\Router->handle('admin/dashboard')
#2 D:\Wamp\www\Friday\system\CodeIgniter.php(386): CodeIgniter\CodeIgniter->tryToRouteIt(Object(CodeIgniter\Router\RouteCollection))
#3 D:\Wamp\www\Friday\system\CodeIgniter.php(334): CodeIgniter\CodeIgniter->handleRequest(NULL, Object(Config\Cache), false)
#4 D:\Wamp\www\Friday\public\index.php(44): CodeIgniter\CodeIgniter->run()
#5 {main}
CRITICAL - 2021-03-16 15:52:02 --> Undefined index: BackupHosts
#0 D:\Wamp\scripts\config.inc.php(166): CodeIgniter\Debug\Exceptions->errorHandler(8, 'Undefined index...', 'D:\\Wamp\\scripts...', 166, Array)
#1 D:\Wamp\www\Friday\app\Controllers\admin\Dashboard.php(110): require('D:\\Wamp\\scripts...')
#2 D:\Wamp\www\Friday\app\Controllers\admin\Dashboard.php(26): App\Controllers\Admin\Dashboard->GetVirtualHost()
#3 D:\Wamp\www\Friday\system\CodeIgniter.php(937): App\Controllers\Admin\Dashboard->index()
#4 D:\Wamp\www\Friday\system\CodeIgniter.php(433): CodeIgniter\CodeIgniter->runController(Object(App\Controllers\Admin\Dashboard))
#5 D:\Wamp\www\Friday\system\CodeIgniter.php(334): CodeIgniter\CodeIgniter->handleRequest(NULL, Object(Config\Cache), false)
#6 D:\Wamp\www\Friday\public\index.php(44): CodeIgniter\CodeIgniter->run()
#7 {main}
CRITICAL - 2021-03-16 15:55:15 --> Undefined index: BackupHosts
#0 D:\Wamp\scripts\config.inc.php(166): CodeIgniter\Debug\Exceptions->errorHandler(8, 'Undefined index...', 'D:\\Wamp\\scripts...', 166, Array)
#1 D:\Wamp\www\Friday\app\Controllers\admin\Dashboard.php(110): require('D:\\Wamp\\scripts...')
#2 D:\Wamp\www\Friday\app\Controllers\admin\Dashboard.php(26): App\Controllers\Admin\Dashboard->GetVirtualHost()
#3 D:\Wamp\www\Friday\system\CodeIgniter.php(937): App\Controllers\Admin\Dashboard->index()
#4 D:\Wamp\www\Friday\system\CodeIgniter.php(433): CodeIgniter\CodeIgniter->runController(Object(App\Controllers\Admin\Dashboard))
#5 D:\Wamp\www\Friday\system\CodeIgniter.php(334): CodeIgniter\CodeIgniter->handleRequest(NULL, Object(Config\Cache), false)
#6 D:\Wamp\www\Friday\public\index.php(44): CodeIgniter\CodeIgniter->run()
#7 {main}
CRITICAL - 2021-03-16 15:57:34 --> Undefined index: BackupHosts
#0 D:\Wamp\scripts\config.inc.php(166): CodeIgniter\Debug\Exceptions->errorHandler(8, 'Undefined index...', 'D:\\Wamp\\scripts...', 166, Array)
#1 D:\Wamp\www\Friday\app\Controllers\admin\Dashboard.php(110): require('D:\\Wamp\\scripts...')
#2 D:\Wamp\www\Friday\app\Controllers\admin\Dashboard.php(26): App\Controllers\Admin\Dashboard->GetVirtualHost()
#3 D:\Wamp\www\Friday\system\CodeIgniter.php(937): App\Controllers\Admin\Dashboard->index()
#4 D:\Wamp\www\Friday\system\CodeIgniter.php(433): CodeIgniter\CodeIgniter->runController(Object(App\Controllers\Admin\Dashboard))
#5 D:\Wamp\www\Friday\system\CodeIgniter.php(334): CodeIgniter\CodeIgniter->handleRequest(NULL, Object(Config\Cache), false)
#6 D:\Wamp\www\Friday\public\index.php(44): CodeIgniter\CodeIgniter->run()
#7 {main}
CRITICAL - 2021-03-16 15:58:31 --> file_get_contents(): Filename cannot be empty
#0 [internal function]: CodeIgniter\Debug\Exceptions->errorHandler(2, 'file_get_conten...', 'D:\\Wamp\\scripts...', 492, Array)
#1 D:\Wamp\scripts\wampserver.lib.php(492): file_get_contents('')
#2 D:\Wamp\www\Friday\app\Controllers\admin\Dashboard.php(112): check_virtualhost()
#3 D:\Wamp\www\Friday\app\Controllers\admin\Dashboard.php(26): App\Controllers\Admin\Dashboard->GetVirtualHost()
#4 D:\Wamp\www\Friday\system\CodeIgniter.php(937): App\Controllers\Admin\Dashboard->index()
#5 D:\Wamp\www\Friday\system\CodeIgniter.php(433): CodeIgniter\CodeIgniter->runController(Object(App\Controllers\Admin\Dashboard))
#6 D:\Wamp\www\Friday\system\CodeIgniter.php(334): CodeIgniter\CodeIgniter->handleRequest(NULL, Object(Config\Cache), false)
#7 D:\Wamp\www\Friday\public\index.php(44): CodeIgniter\CodeIgniter->run()
#8 {main}
CRITICAL - 2021-03-16 15:59:43 --> Undefined index: BackupHosts
#0 D:\Wamp\scripts\config.inc.php(166): CodeIgniter\Debug\Exceptions->errorHandler(8, 'Undefined index...', 'D:\\Wamp\\scripts...', 166, Array)
#1 D:\Wamp\www\Friday\app\Controllers\admin\Dashboard.php(111): require('D:\\Wamp\\scripts...')
#2 D:\Wamp\www\Friday\app\Controllers\admin\Dashboard.php(26): App\Controllers\Admin\Dashboard->GetVirtualHost()
#3 D:\Wamp\www\Friday\system\CodeIgniter.php(937): App\Controllers\Admin\Dashboard->index()
#4 D:\Wamp\www\Friday\system\CodeIgniter.php(433): CodeIgniter\CodeIgniter->runController(Object(App\Controllers\Admin\Dashboard))
#5 D:\Wamp\www\Friday\system\CodeIgniter.php(334): CodeIgniter\CodeIgniter->handleRequest(NULL, Object(Config\Cache), false)
#6 D:\Wamp\www\Friday\public\index.php(44): CodeIgniter\CodeIgniter->run()
#7 {main}
CRITICAL - 2021-03-16 16:01:17 --> Undefined index: BackupHosts
#0 D:\Wamp\scripts\config.inc.php(166): CodeIgniter\Debug\Exceptions->errorHandler(8, 'Undefined index...', 'D:\\Wamp\\scripts...', 166, Array)
#1 D:\Wamp\www\Friday\app\Controllers\admin\Dashboard.php(111): require('D:\\Wamp\\scripts...')
#2 D:\Wamp\www\Friday\app\Controllers\admin\Dashboard.php(26): App\Controllers\Admin\Dashboard->GetVirtualHost()
#3 D:\Wamp\www\Friday\system\CodeIgniter.php(937): App\Controllers\Admin\Dashboard->index()
#4 D:\Wamp\www\Friday\system\CodeIgniter.php(433): CodeIgniter\CodeIgniter->runController(Object(App\Controllers\Admin\Dashboard))
#5 D:\Wamp\www\Friday\system\CodeIgniter.php(334): CodeIgniter\CodeIgniter->handleRequest(NULL, Object(Config\Cache), false)
#6 D:\Wamp\www\Friday\public\index.php(44): CodeIgniter\CodeIgniter->run()
#7 {main}
CRITICAL - 2021-03-16 16:01:26 --> Undefined index: BackupHosts
#0 D:\Wamp\scripts\config.inc.php(166): CodeIgniter\Debug\Exceptions->errorHandler(8, 'Undefined index...', 'D:\\Wamp\\scripts...', 166, Array)
#1 D:\Wamp\www\Friday\app\Controllers\admin\Dashboard.php(112): require('D:\\Wamp\\scripts...')
#2 D:\Wamp\www\Friday\app\Controllers\admin\Dashboard.php(26): App\Controllers\Admin\Dashboard->GetVirtualHost()
#3 D:\Wamp\www\Friday\system\CodeIgniter.php(937): App\Controllers\Admin\Dashboard->index()
#4 D:\Wamp\www\Friday\system\CodeIgniter.php(433): CodeIgniter\CodeIgniter->runController(Object(App\Controllers\Admin\Dashboard))
#5 D:\Wamp\www\Friday\system\CodeIgniter.php(334): CodeIgniter\CodeIgniter->handleRequest(NULL, Object(Config\Cache), false)
#6 D:\Wamp\www\Friday\public\index.php(44): CodeIgniter\CodeIgniter->run()
#7 {main}
CRITICAL - 2021-03-16 16:02:00 --> App\Controllers\Admin\Dashboard::GetVirtualHost(): Failed opening required '../wampmanager.conf' (include_path='.;C:\php\pear')
#0 [internal function]: CodeIgniter\Debug\Exceptions->shutdownHandler()
#1 {main}
CRITICAL - 2021-03-16 16:02:49 --> file_get_contents(): Filename cannot be empty
#0 [internal function]: CodeIgniter\Debug\Exceptions->errorHandler(2, 'file_get_conten...', 'D:\\Wamp\\scripts...', 492, Array)
#1 D:\Wamp\scripts\wampserver.lib.php(492): file_get_contents('')
#2 D:\Wamp\www\Friday\app\Controllers\admin\Dashboard.php(115): check_virtualhost()
#3 D:\Wamp\www\Friday\app\Controllers\admin\Dashboard.php(26): App\Controllers\Admin\Dashboard->GetVirtualHost()
#4 D:\Wamp\www\Friday\system\CodeIgniter.php(937): App\Controllers\Admin\Dashboard->index()
#5 D:\Wamp\www\Friday\system\CodeIgniter.php(433): CodeIgniter\CodeIgniter->runController(Object(App\Controllers\Admin\Dashboard))
#6 D:\Wamp\www\Friday\system\CodeIgniter.php(334): CodeIgniter\CodeIgniter->handleRequest(NULL, Object(Config\Cache), false)
#7 D:\Wamp\www\Friday\public\index.php(44): CodeIgniter\CodeIgniter->run()
#8 {main}
CRITICAL - 2021-03-16 16:04:25 --> file_get_contents(): Filename cannot be empty
#0 [internal function]: CodeIgniter\Debug\Exceptions->errorHandler(2, 'file_get_conten...', 'D:\\Wamp\\scripts...', 492, Array)
#1 D:\Wamp\scripts\wampserver.lib.php(492): file_get_contents('')
#2 D:\Wamp\www\Friday\app\Controllers\admin\Dashboard.php(115): check_virtualhost()
#3 D:\Wamp\www\Friday\app\Controllers\admin\Dashboard.php(26): App\Controllers\Admin\Dashboard->GetVirtualHost()
#4 D:\Wamp\www\Friday\system\CodeIgniter.php(937): App\Controllers\Admin\Dashboard->index()
#5 D:\Wamp\www\Friday\system\CodeIgniter.php(433): CodeIgniter\CodeIgniter->runController(Object(App\Controllers\Admin\Dashboard))
#6 D:\Wamp\www\Friday\system\CodeIgniter.php(334): CodeIgniter\CodeIgniter->handleRequest(NULL, Object(Config\Cache), false)
#7 D:\Wamp\www\Friday\public\index.php(44): CodeIgniter\CodeIgniter->run()
#8 {main}
CRITICAL - 2021-03-16 16:04:42 --> Undefined index: installDir
#0 D:\Wamp\scripts\config.inc.php(16): CodeIgniter\Debug\Exceptions->errorHandler(8, 'Undefined index...', 'D:\\Wamp\\scripts...', 16, Array)
#1 D:\Wamp\www\Friday\app\Controllers\admin\Dashboard.php(112): require('D:\\Wamp\\scripts...')
#2 D:\Wamp\www\Friday\app\Controllers\admin\Dashboard.php(26): App\Controllers\Admin\Dashboard->GetVirtualHost()
#3 D:\Wamp\www\Friday\system\CodeIgniter.php(937): App\Controllers\Admin\Dashboard->index()
#4 D:\Wamp\www\Friday\system\CodeIgniter.php(433): CodeIgniter\CodeIgniter->runController(Object(App\Controllers\Admin\Dashboard))
#5 D:\Wamp\www\Friday\system\CodeIgniter.php(334): CodeIgniter\CodeIgniter->handleRequest(NULL, Object(Config\Cache), false)
#6 D:\Wamp\www\Friday\public\index.php(44): CodeIgniter\CodeIgniter->run()
#7 {main}
CRITICAL - 2021-03-16 16:07:53 --> Use of undefined constant WAMPTRACE_PROCESS - assumed 'WAMPTRACE_PROCESS' (this will throw an Error in a future version of PHP)
#0 D:\Wamp\www\Friday\app\Controllers\admin\Dashboard.php(108): CodeIgniter\Debug\Exceptions->errorHandler(2, 'Use of undefine...', 'D:\\Wamp\\www\\Fri...', 108, Array)
#1 D:\Wamp\www\Friday\app\Controllers\admin\Dashboard.php(26): App\Controllers\Admin\Dashboard->check_virtualhost()
#2 D:\Wamp\www\Friday\system\CodeIgniter.php(937): App\Controllers\Admin\Dashboard->index()
#3 D:\Wamp\www\Friday\system\CodeIgniter.php(433): CodeIgniter\CodeIgniter->runController(Object(App\Controllers\Admin\Dashboard))
#4 D:\Wamp\www\Friday\system\CodeIgniter.php(334): CodeIgniter\CodeIgniter->handleRequest(NULL, Object(Config\Cache), false)
#5 D:\Wamp\www\Friday\public\index.php(44): CodeIgniter\CodeIgniter->run()
#6 {main}
CRITICAL - 2021-03-16 16:08:09 --> file_get_contents(): Filename cannot be empty
#0 [internal function]: CodeIgniter\Debug\Exceptions->errorHandler(2, 'file_get_conten...', 'D:\\Wamp\\www\\Fri...', 151, Array)
#1 D:\Wamp\www\Friday\app\Controllers\admin\Dashboard.php(151): file_get_contents('')
#2 D:\Wamp\www\Friday\app\Controllers\admin\Dashboard.php(26): App\Controllers\Admin\Dashboard->check_virtualhost()
#3 D:\Wamp\www\Friday\system\CodeIgniter.php(937): App\Controllers\Admin\Dashboard->index()
#4 D:\Wamp\www\Friday\system\CodeIgniter.php(433): CodeIgniter\CodeIgniter->runController(Object(App\Controllers\Admin\Dashboard))
#5 D:\Wamp\www\Friday\system\CodeIgniter.php(334): CodeIgniter\CodeIgniter->handleRequest(NULL, Object(Config\Cache), false)
#6 D:\Wamp\www\Friday\public\index.php(44): CodeIgniter\CodeIgniter->run()
#7 {main}
CRITICAL - 2021-03-16 16:11:32 --> Undefined variable: c_apacheVhostConfFile
#0 D:\Wamp\www\Friday\app\Controllers\admin\Dashboard.php(163): CodeIgniter\Debug\Exceptions->errorHandler(8, 'Undefined varia...', 'D:\\Wamp\\www\\Fri...', 163, Array)
#1 D:\Wamp\www\Friday\app\Controllers\admin\Dashboard.php(26): App\Controllers\Admin\Dashboard->check_virtualhost()
#2 D:\Wamp\www\Friday\system\CodeIgniter.php(937): App\Controllers\Admin\Dashboard->index()
#3 D:\Wamp\www\Friday\system\CodeIgniter.php(433): CodeIgniter\CodeIgniter->runController(Object(App\Controllers\Admin\Dashboard))
#4 D:\Wamp\www\Friday\system\CodeIgniter.php(334): CodeIgniter\CodeIgniter->handleRequest(NULL, Object(Config\Cache), false)
#5 D:\Wamp\www\Friday\public\index.php(44): CodeIgniter\CodeIgniter->run()
#6 {main}
CRITICAL - 2021-03-16 16:12:00 --> Call to undefined function App\Controllers\Admin\replace_apache_var()
#0 D:\Wamp\www\Friday\app\Controllers\admin\Dashboard.php(26): App\Controllers\Admin\Dashboard->check_virtualhost()
#1 D:\Wamp\www\Friday\system\CodeIgniter.php(937): App\Controllers\Admin\Dashboard->index()
#2 D:\Wamp\www\Friday\system\CodeIgniter.php(433): CodeIgniter\CodeIgniter->runController(Object(App\Controllers\Admin\Dashboard))
#3 D:\Wamp\www\Friday\system\CodeIgniter.php(334): CodeIgniter\CodeIgniter->handleRequest(NULL, Object(Config\Cache), false)
#4 D:\Wamp\www\Friday\public\index.php(44): CodeIgniter\CodeIgniter->run()
#5 {main}
CRITICAL - 2021-03-16 16:12:48 --> Call to undefined function App\Controllers\Admin\replace_apache_var()
#0 D:\Wamp\www\Friday\app\Controllers\admin\Dashboard.php(26): App\Controllers\Admin\Dashboard->check_virtualhost()
#1 D:\Wamp\www\Friday\system\CodeIgniter.php(937): App\Controllers\Admin\Dashboard->index()
#2 D:\Wamp\www\Friday\system\CodeIgniter.php(433): CodeIgniter\CodeIgniter->runController(Object(App\Controllers\Admin\Dashboard))
#3 D:\Wamp\www\Friday\system\CodeIgniter.php(334): CodeIgniter\CodeIgniter->handleRequest(NULL, Object(Config\Cache), false)
#4 D:\Wamp\www\Friday\public\index.php(44): CodeIgniter\CodeIgniter->run()
#5 {main}
CRITICAL - 2021-03-16 16:13:07 --> Call to undefined function App\Controllers\Admin\replace_apache_var()
#0 D:\Wamp\www\Friday\app\Controllers\admin\Dashboard.php(26): App\Controllers\Admin\Dashboard->check_virtualhost()
#1 D:\Wamp\www\Friday\system\CodeIgniter.php(937): App\Controllers\Admin\Dashboard->index()
#2 D:\Wamp\www\Friday\system\CodeIgniter.php(433): CodeIgniter\CodeIgniter->runController(Object(App\Controllers\Admin\Dashboard))
#3 D:\Wamp\www\Friday\system\CodeIgniter.php(334): CodeIgniter\CodeIgniter->handleRequest(NULL, Object(Config\Cache), false)
#4 D:\Wamp\www\Friday\public\index.php(44): CodeIgniter\CodeIgniter->run()
#5 {main}
CRITICAL - 2021-03-16 16:13:30 --> Call to undefined function App\Controllers\Admin\replace_apache_var()
#0 D:\Wamp\www\Friday\app\Controllers\admin\Dashboard.php(26): App\Controllers\Admin\Dashboard->check_virtualhost()
#1 D:\Wamp\www\Friday\system\CodeIgniter.php(937): App\Controllers\Admin\Dashboard->index()
#2 D:\Wamp\www\Friday\system\CodeIgniter.php(433): CodeIgniter\CodeIgniter->runController(Object(App\Controllers\Admin\Dashboard))
#3 D:\Wamp\www\Friday\system\CodeIgniter.php(334): CodeIgniter\CodeIgniter->handleRequest(NULL, Object(Config\Cache), false)
#4 D:\Wamp\www\Friday\public\index.php(44): CodeIgniter\CodeIgniter->run()
#5 {main}
CRITICAL - 2021-03-16 16:14:03 --> Undefined variable: c_DefaultPort
#0 D:\Wamp\www\Friday\app\Controllers\admin\Dashboard.php(225): CodeIgniter\Debug\Exceptions->errorHandler(8, 'Undefined varia...', 'D:\\Wamp\\www\\Fri...', 225, Array)
#1 D:\Wamp\www\Friday\app\Controllers\admin\Dashboard.php(26): App\Controllers\Admin\Dashboard->check_virtualhost()
#2 D:\Wamp\www\Friday\system\CodeIgniter.php(937): App\Controllers\Admin\Dashboard->index()
#3 D:\Wamp\www\Friday\system\CodeIgniter.php(433): CodeIgniter\CodeIgniter->runController(Object(App\Controllers\Admin\Dashboard))
#4 D:\Wamp\www\Friday\system\CodeIgniter.php(334): CodeIgniter\CodeIgniter->handleRequest(NULL, Object(Config\Cache), false)
#5 D:\Wamp\www\Friday\public\index.php(44): CodeIgniter\CodeIgniter->run()
#6 {main}
CRITICAL - 2021-03-16 16:14:39 --> array_key_exists() expects parameter 2 to be array, null given
#0 [internal function]: CodeIgniter\Debug\Exceptions->errorHandler(2, 'array_key_exist...', 'D:\\Wamp\\www\\Fri...', 110, Array)
#1 D:\Wamp\www\Friday\app\Controllers\admin\Dashboard.php(110): array_key_exists('INSTALL_DIR', NULL)
#2 D:\Wamp\www\Friday\app\Controllers\admin\Dashboard.php(237): App\Controllers\Admin\Dashboard->replace_apache_var('${INSTALL_DIR}/...')
#3 D:\Wamp\www\Friday\app\Controllers\admin\Dashboard.php(26): App\Controllers\Admin\Dashboard->check_virtualhost()
#4 D:\Wamp\www\Friday\system\CodeIgniter.php(937): App\Controllers\Admin\Dashboard->index()
#5 D:\Wamp\www\Friday\system\CodeIgniter.php(433): CodeIgniter\CodeIgniter->runController(Object(App\Controllers\Admin\Dashboard))
#6 D:\Wamp\www\Friday\system\CodeIgniter.php(334): CodeIgniter\CodeIgniter->handleRequest(NULL, Object(Config\Cache), false)
#7 D:\Wamp\www\Friday\public\index.php(44): CodeIgniter\CodeIgniter->run()
#8 {main}
